{"/home/jaja/Desktop/jaja code/taxis-24/src/index.js":{"path":"/home/jaja/Desktop/jaja code/taxis-24/src/index.js","statementMap":{"0":{"start":{"line":3,"column":29},"end":{"line":3,"column":84}},"1":{"start":{"line":5,"column":0},"end":{"line":7,"column":3}},"2":{"start":{"line":8,"column":0},"end":{"line":8,"column":28}},"3":{"start":{"line":10,"column":15},"end":{"line":10,"column":57}},"4":{"start":{"line":12,"column":18},"end":{"line":12,"column":64}},"5":{"start":{"line":14,"column":12},"end":{"line":14,"column":51}},"6":{"start":{"line":16,"column":14},"end":{"line":16,"column":31}},"7":{"start":{"line":18,"column":13},"end":{"line":18,"column":62}},"8":{"start":{"line":20,"column":10},"end":{"line":20,"column":36}},"9":{"start":{"line":21,"column":0},"end":{"line":21,"column":36}},"10":{"start":{"line":22,"column":0},"end":{"line":22,"column":33}},"11":{"start":{"line":23,"column":0},"end":{"line":23,"column":39}},"12":{"start":{"line":24,"column":0},"end":{"line":26,"column":4}},"13":{"start":{"line":27,"column":0},"end":{"line":27,"column":32}},"14":{"start":{"line":28,"column":0},"end":{"line":33,"column":3}},"15":{"start":{"line":29,"column":2},"end":{"line":32,"column":5}},"16":{"start":{"line":34,"column":0},"end":{"line":34,"column":22}},"17":{"start":{"line":35,"column":11},"end":{"line":35,"column":35}},"18":{"start":{"line":36,"column":0},"end":{"line":38,"column":3}},"19":{"start":{"line":37,"column":2},"end":{"line":37,"column":95}},"20":{"start":{"line":39,"column":15},"end":{"line":39,"column":18}},"21":{"start":{"line":40,"column":0},"end":{"line":40,"column":30}}},"fnMap":{"0":{"name":"(anonymous_0)","decl":{"start":{"line":28,"column":8},"end":{"line":28,"column":9}},"loc":{"start":{"line":28,"column":28},"end":{"line":33,"column":1}},"line":28},"1":{"name":"(anonymous_1)","decl":{"start":{"line":36,"column":17},"end":{"line":36,"column":18}},"loc":{"start":{"line":36,"column":29},"end":{"line":38,"column":1}},"line":36}},"branchMap":{"0":{"loc":{"start":{"line":35,"column":11},"end":{"line":35,"column":35}},"type":"binary-expr","locations":[{"start":{"line":35,"column":11},"end":{"line":35,"column":27}},{"start":{"line":35,"column":31},"end":{"line":35,"column":35}}],"line":35}},"s":{"0":1,"1":1,"2":1,"3":1,"4":1,"5":1,"6":1,"7":1,"8":1,"9":1,"10":1,"11":1,"12":1,"13":1,"14":1,"15":1,"16":1,"17":1,"18":1,"19":1,"20":1,"21":1},"f":{"0":1,"1":1},"b":{"0":[1,1]},"inputSourceMap":{"version":3,"sources":["index.js"],"names":["app","use","express","json","bodyParser","urlencoded","extended","Route","req","res","status","send","error","port","process","env","PORT","listen","console","log"],"mappings":";;;;;;;;;AAAA;;AACA;;AACA;;AACA;;AACA;;AAEA,IAAMA,GAAG,GAAG,0BAAZ;AACAA,GAAG,CAACC,GAAJ,CAAQC,oBAAQC,IAAR,EAAR;AACAH,GAAG,CAACC,GAAJ,CAAQ,uBAAR;AACAD,GAAG,CAACC,GAAJ,CAAQG,uBAAWD,IAAX,EAAR;AACAH,GAAG,CAACC,GAAJ,CAAQG,uBAAWC,UAAX,CAAsB;AAAEC,EAAAA,QAAQ,EAAE;AAAZ,CAAtB,CAAR;AACAN,GAAG,CAACC,GAAJ,CAAQ,GAAR,EAAaM,iBAAb;AACAP,GAAG,CAACC,GAAJ,CAAQ,UAACO,GAAD,EAAMC,GAAN;AAAA,SAAcA,GAAG,CAACC,MAAJ,CAAW,GAAX,EAAgBC,IAAhB,CAAqB;AACzCD,IAAAA,MAAM,EAAE,GADiC;AAEzCE,IAAAA,KAAK,EAAE;AAFkC,GAArB,CAAd;AAAA,CAAR;AAKA;AACA,IAAMC,IAAI,GAAGC,OAAO,CAACC,GAAR,CAAYC,IAAZ,IAAoB,IAAjC;AACAhB,GAAG,CAACiB,MAAJ,CAAWJ,IAAX,EAAiB;AAAA,SAAMK,OAAO,CAACC,GAAR,CAAY,iBAAZ,kDAAwEN,IAAxE,EAAN;AAAA,CAAjB;eACeb,G","sourceRoot":"/home/jaja/Desktop/jaja code/taxis-24/src/","sourcesContent":["import express from 'express';\nimport bodyParser from 'body-parser';\nimport cors from 'cors';\nimport { config } from 'dotenv';\nimport Route from './routes/index';\n\nconst app = express();\napp.use(express.json());\napp.use(cors());\napp.use(bodyParser.json());\napp.use(bodyParser.urlencoded({ extended: false }));\napp.use('/', Route);\napp.use((req, res) => res.status(404).send({\n  status: 404,\n  error: 'route Not Found!',\n}));\n\nconfig(); \nconst port = process.env.PORT || 8080;\napp.listen(port, () => console.log('Soma Africa APP', `Server is running on http://localhost:${port}`));\nexport default app;"]},"_coverageSchema":"1a1c01bbd47fc00a2c39e90264f33305004495a9","hash":"a0e66300e208a43adabb6ffe9897bb0f1a0cb5c4","contentHash":"ce1159ff288953d216b7e39caf7d7e263a66227801c07be422ae93bf1c932882"},"/home/jaja/Desktop/jaja code/taxis-24/src/routes/index.js":{"path":"/home/jaja/Desktop/jaja code/taxis-24/src/routes/index.js","statementMap":{"0":{"start":{"line":3,"column":29},"end":{"line":3,"column":84}},"1":{"start":{"line":5,"column":0},"end":{"line":7,"column":3}},"2":{"start":{"line":8,"column":0},"end":{"line":8,"column":28}},"3":{"start":{"line":10,"column":15},"end":{"line":10,"column":57}},"4":{"start":{"line":12,"column":20},"end":{"line":12,"column":69}},"5":{"start":{"line":14,"column":19},"end":{"line":14,"column":67}},"6":{"start":{"line":16,"column":18},"end":{"line":16,"column":65}},"7":{"start":{"line":18,"column":13},"end":{"line":18,"column":41}},"8":{"start":{"line":20,"column":0},"end":{"line":20,"column":49}},"9":{"start":{"line":21,"column":0},"end":{"line":21,"column":46}},"10":{"start":{"line":22,"column":0},"end":{"line":22,"column":46}},"11":{"start":{"line":23,"column":15},"end":{"line":23,"column":21}},"12":{"start":{"line":24,"column":0},"end":{"line":24,"column":30}}},"fnMap":{},"branchMap":{},"s":{"0":1,"1":1,"2":1,"3":1,"4":1,"5":1,"6":1,"7":1,"8":1,"9":1,"10":1,"11":1,"12":1},"f":{},"b":{},"inputSourceMap":{"version":3,"sources":["index.js"],"names":["Router","express","use","DriversRoute","RidersRoute","TripsRoute"],"mappings":";;;;;;;;;AAAA;;AACA;;AACA;;AACA;;AAGA,IAAMA,MAAM,GAAGC,oBAAQD,MAAR,EAAf;;AAEAA,MAAM,CAACE,GAAP,CAAW,UAAX,EAAuBC,wBAAvB;AACAH,MAAM,CAACE,GAAP,CAAW,QAAX,EAAqBE,uBAArB;AACAJ,MAAM,CAACE,GAAP,CAAW,SAAX,EAAsBG,sBAAtB;eAEeL,M","sourceRoot":"/home/jaja/Desktop/jaja code/taxis-24/src/routes/","sourcesContent":["import express from 'express';\nimport DriversRoute from './driversRoute';\nimport RidersRoute from './ridersRoute';\nimport TripsRoute from './tripsRoute';\n\n\nconst Router = express.Router();\n\nRouter.use('/drivers', DriversRoute);\nRouter.use('/trips', RidersRoute);\nRouter.use('/riders', TripsRoute);\n\nexport default Router;"]},"_coverageSchema":"1a1c01bbd47fc00a2c39e90264f33305004495a9","hash":"d453b85cf51d01f120a0ecfe7c43916b765374a6","contentHash":"66512565d97306bed1acb84438bbeb6c660ca381b31c9aa9acb1a4792afdf596"},"/home/jaja/Desktop/jaja code/taxis-24/src/routes/driversRoute.js":{"path":"/home/jaja/Desktop/jaja code/taxis-24/src/routes/driversRoute.js","statementMap":{"0":{"start":{"line":3,"column":29},"end":{"line":3,"column":84}},"1":{"start":{"line":5,"column":0},"end":{"line":7,"column":3}},"2":{"start":{"line":8,"column":0},"end":{"line":8,"column":28}},"3":{"start":{"line":10,"column":15},"end":{"line":10,"column":57}},"4":{"start":{"line":12,"column":25},"end":{"line":12,"column":92}},"5":{"start":{"line":14,"column":13},"end":{"line":14,"column":41}},"6":{"start":{"line":16,"column":0},"end":{"line":16,"column":58}},"7":{"start":{"line":17,"column":0},"end":{"line":17,"column":77}},"8":{"start":{"line":18,"column":0},"end":{"line":18,"column":81}},"9":{"start":{"line":19,"column":0},"end":{"line":19,"column":75}},"10":{"start":{"line":20,"column":15},"end":{"line":20,"column":21}},"11":{"start":{"line":21,"column":0},"end":{"line":21,"column":30}}},"fnMap":{},"branchMap":{},"s":{"0":1,"1":1,"2":1,"3":1,"4":1,"5":1,"6":1,"7":1,"8":1,"9":1,"10":1,"11":1},"f":{},"b":{},"inputSourceMap":{"version":3,"sources":["driversRoute.js"],"names":["router","express","Router","get","DriversController","getDrivers","getAvailableDrivers","getDriversWithinLocation","getSpecificDrivers"],"mappings":";;;;;;;;;AAAA;;AACA;;AAEA,IAAMA,MAAM,GAAGC,oBAAQC,MAAR,EAAf;;AACAF,MAAM,CAACG,GAAP,CAAW,GAAX,EAAgBC,8BAAkBC,UAAlC;AACAL,MAAM,CAACG,GAAP,CAAW,aAAX,EAA0BC,8BAAkBE,mBAA5C;AACAN,MAAM,CAACG,GAAP,CAAW,YAAX,EAAyBC,8BAAkBG,wBAA3C;AACAP,MAAM,CAACG,GAAP,CAAW,YAAX,EAAyBC,8BAAkBI,kBAA3C;eAEeR,M","sourceRoot":"/home/jaja/Desktop/jaja code/taxis-24/src/routes/","sourcesContent":["import express from 'express';\nimport DriversController from \"../controllers/driversController\";\n\nconst router = express.Router();\nrouter.get('/', DriversController.getDrivers);\nrouter.get('/:available', DriversController.getAvailableDrivers);\nrouter.get('/:location', DriversController.getDriversWithinLocation);\nrouter.get('/:driverId', DriversController.getSpecificDrivers);\n\nexport default router;\n"]},"_coverageSchema":"1a1c01bbd47fc00a2c39e90264f33305004495a9","hash":"c73ddc043aa39258d56ff8381ab793a011498375","contentHash":"f5d6c4cbc65dd55b42aceb55876060e1a452c6499c9448c20bf3428350797079"},"/home/jaja/Desktop/jaja code/taxis-24/src/controllers/driversController.js":{"path":"/home/jaja/Desktop/jaja code/taxis-24/src/controllers/driversController.js","statementMap":{"0":{"start":{"line":3,"column":29},"end":{"line":3,"column":84}},"1":{"start":{"line":5,"column":0},"end":{"line":7,"column":3}},"2":{"start":{"line":8,"column":0},"end":{"line":8,"column":28}},"3":{"start":{"line":10,"column":19},"end":{"line":10,"column":80}},"4":{"start":{"line":12,"column":25},"end":{"line":12,"column":99}},"5":{"start":{"line":14,"column":23},"end":{"line":14,"column":95}},"6":{"start":{"line":16,"column":20},"end":{"line":16,"column":89}},"7":{"start":{"line":18,"column":16},"end":{"line":18,"column":70}},"8":{"start":{"line":20,"column":15},"end":{"line":20,"column":69}},"9":{"start":{"line":22,"column":19},"end":{"line":22,"column":66}},"10":{"start":{"line":24,"column":22},"end":{"line":24,"column":58}},"11":{"start":{"line":26,"column":37},"end":{"line":282,"column":3}},"12":{"start":{"line":28,"column":4},"end":{"line":28,"column":62}},"13":{"start":{"line":31,"column":2},"end":{"line":280,"column":6}},"14":{"start":{"line":34,"column":24},"end":{"line":70,"column":9}},"15":{"start":{"line":36,"column":8},"end":{"line":69,"column":36}},"16":{"start":{"line":37,"column":10},"end":{"line":68,"column":11}},"17":{"start":{"line":38,"column":12},"end":{"line":67,"column":13}},"18":{"start":{"line":40,"column":16},"end":{"line":40,"column":34}},"19":{"start":{"line":41,"column":16},"end":{"line":41,"column":34}},"20":{"start":{"line":42,"column":16},"end":{"line":44,"column":19}},"21":{"start":{"line":47,"column":16},"end":{"line":47,"column":40}},"22":{"start":{"line":49,"column":16},"end":{"line":52,"column":17}},"23":{"start":{"line":50,"column":18},"end":{"line":50,"column":36}},"24":{"start":{"line":51,"column":18},"end":{"line":51,"column":24}},"25":{"start":{"line":54,"column":16},"end":{"line":54,"column":117}},"26":{"start":{"line":57,"column":16},"end":{"line":57,"column":106}},"27":{"start":{"line":60,"column":16},"end":{"line":60,"column":34}},"28":{"start":{"line":61,"column":16},"end":{"line":61,"column":51}},"29":{"start":{"line":62,"column":16},"end":{"line":62,"column":108}},"30":{"start":{"line":66,"column":16},"end":{"line":66,"column":39}},"31":{"start":{"line":73,"column":8},"end":{"line":73,"column":50}},"32":{"start":{"line":76,"column":6},"end":{"line":76,"column":24}},"33":{"start":{"line":81,"column":33},"end":{"line":118,"column":9}},"34":{"start":{"line":83,"column":8},"end":{"line":117,"column":37}},"35":{"start":{"line":84,"column":10},"end":{"line":116,"column":11}},"36":{"start":{"line":85,"column":12},"end":{"line":115,"column":13}},"37":{"start":{"line":87,"column":16},"end":{"line":87,"column":35}},"38":{"start":{"line":88,"column":16},"end":{"line":88,"column":35}},"39":{"start":{"line":89,"column":16},"end":{"line":92,"column":19}},"40":{"start":{"line":95,"column":16},"end":{"line":95,"column":41}},"41":{"start":{"line":97,"column":16},"end":{"line":100,"column":17}},"42":{"start":{"line":98,"column":18},"end":{"line":98,"column":37}},"43":{"start":{"line":99,"column":18},"end":{"line":99,"column":24}},"44":{"start":{"line":102,"column":16},"end":{"line":102,"column":128}},"45":{"start":{"line":105,"column":16},"end":{"line":105,"column":111}},"46":{"start":{"line":108,"column":16},"end":{"line":108,"column":35}},"47":{"start":{"line":109,"column":16},"end":{"line":109,"column":53}},"48":{"start":{"line":110,"column":16},"end":{"line":110,"column":110}},"49":{"start":{"line":114,"column":16},"end":{"line":114,"column":40}},"50":{"start":{"line":121,"column":8},"end":{"line":121,"column":59}},"51":{"start":{"line":124,"column":6},"end":{"line":124,"column":33}},"52":{"start":{"line":129,"column":38},"end":{"line":223,"column":9}},"53":{"start":{"line":131,"column":8},"end":{"line":222,"column":38}},"54":{"start":{"line":132,"column":10},"end":{"line":221,"column":11}},"55":{"start":{"line":133,"column":12},"end":{"line":220,"column":13}},"56":{"start":{"line":135,"column":16},"end":{"line":135,"column":35}},"57":{"start":{"line":136,"column":16},"end":{"line":136,"column":47}},"58":{"start":{"line":137,"column":16},"end":{"line":137,"column":74}},"59":{"start":{"line":138,"column":16},"end":{"line":141,"column":18}},"60":{"start":{"line":142,"column":16},"end":{"line":142,"column":35}},"61":{"start":{"line":143,"column":16},"end":{"line":146,"column":19}},"62":{"start":{"line":149,"column":16},"end":{"line":149,"column":41}},"63":{"start":{"line":151,"column":16},"end":{"line":154,"column":17}},"64":{"start":{"line":152,"column":18},"end":{"line":152,"column":38}},"65":{"start":{"line":153,"column":18},"end":{"line":153,"column":24}},"66":{"start":{"line":156,"column":16},"end":{"line":197,"column":21}},"67":{"start":{"line":157,"column":29},"end":{"line":192,"column":21}},"68":{"start":{"line":159,"column":20},"end":{"line":191,"column":33}},"69":{"start":{"line":160,"column":22},"end":{"line":190,"column":23}},"70":{"start":{"line":161,"column":24},"end":{"line":189,"column":25}},"71":{"start":{"line":163,"column":28},"end":{"line":163,"column":47}},"72":{"start":{"line":164,"column":28},"end":{"line":166,"column":31}},"73":{"start":{"line":169,"column":28},"end":{"line":169,"column":60}},"74":{"start":{"line":170,"column":28},"end":{"line":173,"column":30}},"75":{"start":{"line":174,"column":28},"end":{"line":174,"column":108}},"76":{"start":{"line":176,"column":28},"end":{"line":179,"column":29}},"77":{"start":{"line":177,"column":30},"end":{"line":177,"column":49}},"78":{"start":{"line":178,"column":30},"end":{"line":178,"column":36}},"79":{"start":{"line":181,"column":28},"end":{"line":181,"column":70}},"80":{"start":{"line":184,"column":28},"end":{"line":184,"column":68}},"81":{"start":{"line":188,"column":28},"end":{"line":188,"column":52}},"82":{"start":{"line":194,"column":18},"end":{"line":196,"column":20}},"83":{"start":{"line":195,"column":20},"end":{"line":195,"column":55}},"84":{"start":{"line":199,"column":16},"end":{"line":202,"column":17}},"85":{"start":{"line":200,"column":18},"end":{"line":200,"column":38}},"86":{"start":{"line":201,"column":18},"end":{"line":201,"column":24}},"87":{"start":{"line":204,"column":16},"end":{"line":204,"column":137}},"88":{"start":{"line":207,"column":16},"end":{"line":207,"column":132}},"89":{"start":{"line":210,"column":16},"end":{"line":210,"column":111}},"90":{"start":{"line":213,"column":16},"end":{"line":213,"column":36}},"91":{"start":{"line":214,"column":16},"end":{"line":214,"column":53}},"92":{"start":{"line":215,"column":16},"end":{"line":215,"column":110}},"93":{"start":{"line":219,"column":16},"end":{"line":219,"column":40}},"94":{"start":{"line":226,"column":8},"end":{"line":226,"column":64}},"95":{"start":{"line":229,"column":6},"end":{"line":229,"column":38}},"96":{"start":{"line":234,"column":32},"end":{"line":272,"column":9}},"97":{"start":{"line":236,"column":8},"end":{"line":271,"column":38}},"98":{"start":{"line":237,"column":10},"end":{"line":270,"column":11}},"99":{"start":{"line":238,"column":12},"end":{"line":269,"column":13}},"100":{"start":{"line":240,"column":16},"end":{"line":240,"column":35}},"101":{"start":{"line":241,"column":16},"end":{"line":241,"column":47}},"102":{"start":{"line":242,"column":16},"end":{"line":242,"column":35}},"103":{"start":{"line":243,"column":16},"end":{"line":246,"column":19}},"104":{"start":{"line":249,"column":16},"end":{"line":249,"column":40}},"105":{"start":{"line":251,"column":16},"end":{"line":254,"column":17}},"106":{"start":{"line":252,"column":18},"end":{"line":252,"column":37}},"107":{"start":{"line":253,"column":18},"end":{"line":253,"column":24}},"108":{"start":{"line":256,"column":16},"end":{"line":256,"column":120}},"109":{"start":{"line":259,"column":16},"end":{"line":259,"column":129}},"110":{"start":{"line":262,"column":16},"end":{"line":262,"column":36}},"111":{"start":{"line":263,"column":16},"end":{"line":263,"column":53}},"112":{"start":{"line":264,"column":16},"end":{"line":264,"column":110}},"113":{"start":{"line":268,"column":16},"end":{"line":268,"column":40}},"114":{"start":{"line":275,"column":8},"end":{"line":275,"column":58}},"115":{"start":{"line":278,"column":6},"end":{"line":278,"column":32}},"116":{"start":{"line":281,"column":2},"end":{"line":281,"column":27}},"117":{"start":{"line":284,"column":15},"end":{"line":284,"column":32}},"118":{"start":{"line":285,"column":0},"end":{"line":285,"column":30}}},"fnMap":{"0":{"name":"(anonymous_0)","decl":{"start":{"line":26,"column":37},"end":{"line":26,"column":38}},"loc":{"start":{"line":26,"column":49},"end":{"line":282,"column":1}},"line":26},"1":{"name":"DriversController","decl":{"start":{"line":27,"column":11},"end":{"line":27,"column":28}},"loc":{"start":{"line":27,"column":31},"end":{"line":29,"column":3}},"line":27},"2":{"name":"(anonymous_2)","decl":{"start":{"line":33,"column":11},"end":{"line":33,"column":12}},"loc":{"start":{"line":33,"column":23},"end":{"line":77,"column":5}},"line":33},"3":{"name":"_callee","decl":{"start":{"line":34,"column":111},"end":{"line":34,"column":118}},"loc":{"start":{"line":34,"column":129},"end":{"line":70,"column":7}},"line":34},"4":{"name":"_callee$","decl":{"start":{"line":36,"column":53},"end":{"line":36,"column":61}},"loc":{"start":{"line":36,"column":72},"end":{"line":69,"column":9}},"line":36},"5":{"name":"getDrivers","decl":{"start":{"line":72,"column":15},"end":{"line":72,"column":25}},"loc":{"start":{"line":72,"column":35},"end":{"line":74,"column":7}},"line":72},"6":{"name":"(anonymous_6)","decl":{"start":{"line":80,"column":11},"end":{"line":80,"column":12}},"loc":{"start":{"line":80,"column":23},"end":{"line":125,"column":5}},"line":80},"7":{"name":"_callee2","decl":{"start":{"line":81,"column":120},"end":{"line":81,"column":128}},"loc":{"start":{"line":81,"column":139},"end":{"line":118,"column":7}},"line":81},"8":{"name":"_callee2$","decl":{"start":{"line":83,"column":53},"end":{"line":83,"column":62}},"loc":{"start":{"line":83,"column":74},"end":{"line":117,"column":9}},"line":83},"9":{"name":"getAvailableDrivers","decl":{"start":{"line":120,"column":15},"end":{"line":120,"column":34}},"loc":{"start":{"line":120,"column":45},"end":{"line":122,"column":7}},"line":120},"10":{"name":"(anonymous_10)","decl":{"start":{"line":128,"column":11},"end":{"line":128,"column":12}},"loc":{"start":{"line":128,"column":23},"end":{"line":230,"column":5}},"line":128},"11":{"name":"_callee4","decl":{"start":{"line":129,"column":125},"end":{"line":129,"column":133}},"loc":{"start":{"line":129,"column":144},"end":{"line":223,"column":7}},"line":129},"12":{"name":"_callee4$","decl":{"start":{"line":131,"column":53},"end":{"line":131,"column":62}},"loc":{"start":{"line":131,"column":74},"end":{"line":222,"column":9}},"line":131},"13":{"name":"(anonymous_13)","decl":{"start":{"line":156,"column":61},"end":{"line":156,"column":62}},"loc":{"start":{"line":156,"column":73},"end":{"line":197,"column":17}},"line":156},"14":{"name":"_callee3","decl":{"start":{"line":157,"column":116},"end":{"line":157,"column":124}},"loc":{"start":{"line":157,"column":133},"end":{"line":192,"column":19}},"line":157},"15":{"name":"_callee3$","decl":{"start":{"line":159,"column":65},"end":{"line":159,"column":74}},"loc":{"start":{"line":159,"column":86},"end":{"line":191,"column":21}},"line":159},"16":{"name":"(anonymous_16)","decl":{"start":{"line":194,"column":25},"end":{"line":194,"column":26}},"loc":{"start":{"line":194,"column":40},"end":{"line":196,"column":19}},"line":194},"17":{"name":"getDriversWithinLocation","decl":{"start":{"line":225,"column":15},"end":{"line":225,"column":39}},"loc":{"start":{"line":225,"column":50},"end":{"line":227,"column":7}},"line":225},"18":{"name":"(anonymous_18)","decl":{"start":{"line":233,"column":11},"end":{"line":233,"column":12}},"loc":{"start":{"line":233,"column":23},"end":{"line":279,"column":5}},"line":233},"19":{"name":"_callee5","decl":{"start":{"line":234,"column":119},"end":{"line":234,"column":127}},"loc":{"start":{"line":234,"column":138},"end":{"line":272,"column":7}},"line":234},"20":{"name":"_callee5$","decl":{"start":{"line":236,"column":53},"end":{"line":236,"column":62}},"loc":{"start":{"line":236,"column":74},"end":{"line":271,"column":9}},"line":236},"21":{"name":"getSpecificDrivers","decl":{"start":{"line":274,"column":15},"end":{"line":274,"column":33}},"loc":{"start":{"line":274,"column":44},"end":{"line":276,"column":7}},"line":274}},"branchMap":{"0":{"loc":{"start":{"line":38,"column":12},"end":{"line":67,"column":13}},"type":"switch","locations":[{"start":{"line":39,"column":14},"end":{"line":44,"column":19}},{"start":{"line":46,"column":14},"end":{"line":54,"column":117}},{"start":{"line":56,"column":14},"end":{"line":57,"column":106}},{"start":{"line":59,"column":14},"end":{"line":62,"column":108}},{"start":{"line":64,"column":14},"end":{"line":64,"column":22}},{"start":{"line":65,"column":14},"end":{"line":66,"column":39}}],"line":38},"1":{"loc":{"start":{"line":49,"column":16},"end":{"line":52,"column":17}},"type":"if","locations":[{"start":{"line":49,"column":16},"end":{"line":52,"column":17}},{"start":{"line":49,"column":16},"end":{"line":52,"column":17}}],"line":49},"2":{"loc":{"start":{"line":85,"column":12},"end":{"line":115,"column":13}},"type":"switch","locations":[{"start":{"line":86,"column":14},"end":{"line":92,"column":19}},{"start":{"line":94,"column":14},"end":{"line":102,"column":128}},{"start":{"line":104,"column":14},"end":{"line":105,"column":111}},{"start":{"line":107,"column":14},"end":{"line":110,"column":110}},{"start":{"line":112,"column":14},"end":{"line":112,"column":22}},{"start":{"line":113,"column":14},"end":{"line":114,"column":40}}],"line":85},"3":{"loc":{"start":{"line":97,"column":16},"end":{"line":100,"column":17}},"type":"if","locations":[{"start":{"line":97,"column":16},"end":{"line":100,"column":17}},{"start":{"line":97,"column":16},"end":{"line":100,"column":17}}],"line":97},"4":{"loc":{"start":{"line":133,"column":12},"end":{"line":220,"column":13}},"type":"switch","locations":[{"start":{"line":134,"column":14},"end":{"line":146,"column":19}},{"start":{"line":148,"column":14},"end":{"line":204,"column":137}},{"start":{"line":206,"column":14},"end":{"line":207,"column":132}},{"start":{"line":209,"column":14},"end":{"line":210,"column":111}},{"start":{"line":212,"column":14},"end":{"line":215,"column":110}},{"start":{"line":217,"column":14},"end":{"line":217,"column":22}},{"start":{"line":218,"column":14},"end":{"line":219,"column":40}}],"line":133},"5":{"loc":{"start":{"line":151,"column":16},"end":{"line":154,"column":17}},"type":"if","locations":[{"start":{"line":151,"column":16},"end":{"line":154,"column":17}},{"start":{"line":151,"column":16},"end":{"line":154,"column":17}}],"line":151},"6":{"loc":{"start":{"line":161,"column":24},"end":{"line":189,"column":25}},"type":"switch","locations":[{"start":{"line":162,"column":26},"end":{"line":166,"column":31}},{"start":{"line":168,"column":26},"end":{"line":181,"column":70}},{"start":{"line":183,"column":26},"end":{"line":184,"column":68}},{"start":{"line":186,"column":26},"end":{"line":186,"column":34}},{"start":{"line":187,"column":26},"end":{"line":188,"column":52}}],"line":161},"7":{"loc":{"start":{"line":176,"column":28},"end":{"line":179,"column":29}},"type":"if","locations":[{"start":{"line":176,"column":28},"end":{"line":179,"column":29}},{"start":{"line":176,"column":28},"end":{"line":179,"column":29}}],"line":176},"8":{"loc":{"start":{"line":199,"column":16},"end":{"line":202,"column":17}},"type":"if","locations":[{"start":{"line":199,"column":16},"end":{"line":202,"column":17}},{"start":{"line":199,"column":16},"end":{"line":202,"column":17}}],"line":199},"9":{"loc":{"start":{"line":238,"column":12},"end":{"line":269,"column":13}},"type":"switch","locations":[{"start":{"line":239,"column":14},"end":{"line":246,"column":19}},{"start":{"line":248,"column":14},"end":{"line":256,"column":120}},{"start":{"line":258,"column":14},"end":{"line":259,"column":129}},{"start":{"line":261,"column":14},"end":{"line":264,"column":110}},{"start":{"line":266,"column":14},"end":{"line":266,"column":22}},{"start":{"line":267,"column":14},"end":{"line":268,"column":40}}],"line":238},"10":{"loc":{"start":{"line":251,"column":16},"end":{"line":254,"column":17}},"type":"if","locations":[{"start":{"line":251,"column":16},"end":{"line":254,"column":17}},{"start":{"line":251,"column":16},"end":{"line":254,"column":17}}],"line":251}},"s":{"0":1,"1":1,"2":1,"3":1,"4":1,"5":1,"6":1,"7":1,"8":1,"9":1,"10":1,"11":1,"12":0,"13":1,"14":1,"15":0,"16":0,"17":0,"18":0,"19":0,"20":0,"21":0,"22":0,"23":0,"24":0,"25":0,"26":0,"27":0,"28":0,"29":0,"30":0,"31":0,"32":1,"33":1,"34":0,"35":0,"36":0,"37":0,"38":0,"39":0,"40":0,"41":0,"42":0,"43":0,"44":0,"45":0,"46":0,"47":0,"48":0,"49":0,"50":0,"51":1,"52":1,"53":0,"54":0,"55":0,"56":0,"57":0,"58":0,"59":0,"60":0,"61":0,"62":0,"63":0,"64":0,"65":0,"66":0,"67":0,"68":0,"69":0,"70":0,"71":0,"72":0,"73":0,"74":0,"75":0,"76":0,"77":0,"78":0,"79":0,"80":0,"81":0,"82":0,"83":0,"84":0,"85":0,"86":0,"87":0,"88":0,"89":0,"90":0,"91":0,"92":0,"93":0,"94":0,"95":1,"96":1,"97":0,"98":0,"99":0,"100":0,"101":0,"102":0,"103":0,"104":0,"105":0,"106":0,"107":0,"108":0,"109":0,"110":0,"111":0,"112":0,"113":0,"114":0,"115":1,"116":1,"117":1,"118":1},"f":{"0":1,"1":0,"2":1,"3":0,"4":0,"5":0,"6":1,"7":0,"8":0,"9":0,"10":1,"11":0,"12":0,"13":0,"14":0,"15":0,"16":0,"17":0,"18":1,"19":0,"20":0,"21":0},"b":{"0":[0,0,0,0,0,0],"1":[0,0],"2":[0,0,0,0,0,0],"3":[0,0],"4":[0,0,0,0,0,0,0],"5":[0,0],"6":[0,0,0,0,0],"7":[0,0],"8":[0,0],"9":[0,0,0,0,0,0],"10":[0,0]},"inputSourceMap":{"version":3,"sources":["driversController.js"],"names":["DriversController","req","res","Queries","findAll","db","user","role","drivers","count","response","success","error","message","status","location","params","decodeLocation","locationCoordinate","lat","latitude","lon","longitude","availableDrivers","map","driver","findOne","id","locationId","driverLocation","cordinate","myLoToDriverLo","Distance","between","length","driverId"],"mappings":";;;;;;;;;;;;;;;;;AAAA;;AACA;;AACA;;AACA;;IAEMA,iB;;;;;;;;uHACoBC,G,EAAKC,G;;;;;;;;uBAEHC,oBAAQC,OAAR,CAAgBC,EAAE,CAACC,IAAnB,EAAyB;AAAEC,kBAAAA,IAAI,EAAE;AAAR,iBAAzB,C;;;AAAhBC,gBAAAA,O;;sBACFA,OAAO,CAACC,KAAR,GAAgB,C;;;;;iDACXC,qBAASC,OAAT,CAAiBT,GAAjB,EAAsB,iBAAtB,EAAyC,GAAzC,EAA8CM,OAA9C,C;;;iDAEFE,qBAASE,KAAT,CAAeV,GAAf,EAAoB,iBAApB,EAAuC,GAAvC,C;;;;;iDAEAQ,qBAASE,KAAT,CAAeV,GAAf,EAAoB,YAAEW,OAAtB,EAA+B,GAA/B,C;;;;;;;;;;;;;;;;;;;iIAGsBZ,G,EAAKC,G;;;;;;;;uBAEZC,oBAAQC,OAAR,CAAgBC,EAAE,CAACC,IAAnB,EAAyB;AAC7CC,kBAAAA,IAAI,EAAE,QADuC;AAE7CO,kBAAAA,MAAM,EAAE;AAFqC,iBAAzB,C;;;AAAhBN,gBAAAA,O;;sBAIFA,OAAO,CAACC,KAAR,GAAgB,C;;;;;kDACXC,qBAASC,OAAT,CAAiBT,GAAjB,EAAsB,2BAAtB,EAAmD,GAAnD,EAAwDM,OAAxD,C;;;kDAEFE,qBAASE,KAAT,CAAeV,GAAf,EAAoB,qBAApB,EAA2C,GAA3C,C;;;;;kDAEAQ,qBAASE,KAAT,CAAeV,GAAf,EAAoB,aAAEW,OAAtB,EAA+B,GAA/B,C;;;;;;;;;;;;;;;;;;;sIAG2BZ,G,EAAKC,G;;;;;;;AAE/Ba,gBAAAA,Q,GAAad,GAAG,CAACe,M,CAAjBD,Q;AACFE,gBAAAA,c,GAAiB,+BAAUF,QAAV,C;AACjBG,gBAAAA,kB,GAAqB;AACzBC,kBAAAA,GAAG,EAAEF,cAAc,CAACG,QADK;AAEzBC,kBAAAA,GAAG,EAAEJ,cAAc,CAACK;AAFK,iB;;uBAILnB,oBAAQC,OAAR,CAAgBC,EAAE,CAACC,IAAnB,EAAyB;AAC7CC,kBAAAA,IAAI,EAAE,QADuC;AAE7CO,kBAAAA,MAAM,EAAE;AAFqC,iBAAzB,C;;;AAAhBN,gBAAAA,O;;sBAIFA,OAAO,CAACC,KAAR,GAAgB,C;;;;;AACZc,gBAAAA,gB,GAAmBf,OAAO,CAACgB,GAAR;AAAA,2GAAY,kBAAOC,MAAP;AAAA;AAAA;AAAA;AAAA;AAAA;AAAA;AAAA,mCACNtB,oBAAQuB,OAAR,CAAgBrB,EAAE,CAACU,QAAnB,EAA6B;AACxDY,8BAAAA,EAAE,EAAEF,MAAM,CAACG;AAD6C,6BAA7B,CADM;;AAAA;AAC7BC,4BAAAA,cAD6B;AAI7BC,4BAAAA,SAJ6B,GAIjB;AAChBX,8BAAAA,GAAG,EAAEU,cAAc,CAACT,QADJ;AAEhBC,8BAAAA,GAAG,EAAEQ,cAAc,CAACP;AAFJ,6BAJiB;AAQ/BS,4BAAAA,cAR+B,GAQdC,wBAASC,OAAT,CAAiBf,kBAAjB,EAAqCY,SAArC,CARc;;AAAA,kCAS/BC,cAAc,GAAG,6BAAS,MAAT,CATc;AAAA;AAAA;AAAA;;AAAA,8DAU1BN,MAV0B;;AAAA;AAAA,8DAY1B,IAZ0B;;AAAA;AAAA;AAAA;AAAA;AAAA;AAAA;AAAA,mBAAZ;;AAAA;AAAA;AAAA;AAAA,oB;;sBAerBF,gBAAgB,CAACW,MAAjB,GAA0B,C;;;;;kDACrBxB,qBAASC,OAAT,CACLT,GADK,EAEL,2BAFK,EAGL,GAHK,EAILqB,gBAJK,C;;;kDAOAb,qBAASE,KAAT,CACLV,GADK,EAEL,0CAFK,EAGL,GAHK,C;;;kDAOJQ,qBAASE,KAAT,CAAeV,GAAf,EAAoB,qBAApB,EAA2C,GAA3C,C;;;;;kDAEAQ,qBAASE,KAAT,CAAeV,GAAf,EAAoB,aAAEW,OAAtB,EAA+B,GAA/B,C;;;;;;;;;;;;;;;;;;;gIAGqBZ,G,EAAKC,G;;;;;;;AAEzBiC,gBAAAA,Q,GAAalC,GAAG,CAACe,M,CAAjBmB,Q;;uBACahC,oBAAQuB,OAAR,CAAgBrB,EAAE,CAACC,IAAnB,EAAyB;AAC5CC,kBAAAA,IAAI,EAAE,QADsC;AAE5CoB,kBAAAA,EAAE,EAAEQ;AAFwC,iBAAzB,C;;;AAAfV,gBAAAA,M;;sBAIFA,MAAM,CAAChB,KAAP,GAAe,C;;;;;kDACVC,qBAASC,OAAT,CAAiBT,GAAjB,EAAsB,oBAAtB,EAA4C,GAA5C,EAAiDuB,MAAjD,C;;;kDAEFf,qBAASE,KAAT,CAAeV,GAAf,EAAoB,uCAApB,EAA6D,GAA7D,C;;;;;kDAEAQ,qBAASE,KAAT,CAAeV,GAAf,EAAoB,aAAEW,OAAtB,EAA+B,GAA/B,C;;;;;;;;;;;;;;;;;;;;eAKEb,iB","sourceRoot":"/home/jaja/Desktop/jaja code/taxis-24/src/controllers/","sourcesContent":["import response from \"../helpers/response\";\nimport Queries from \"../services/Queries\";\nimport Distance from \"geo-distance\";\nimport { geoDecode, reverse } from \"../helpers/addressDecoder\";\n\nclass DriversController {\n  static async getDrivers(req, res) {\n    try {\n      const drivers = await Queries.findAll(db.user, { role: \"driver\" });\n      if (drivers.count > 0) {\n        return response.success(res, \"List of Drivers\", 200, drivers);\n      }\n      return response.error(res, \"No Driver found\", 404);\n    } catch (e) {\n      return response.error(res, e.message, 500);\n    }\n  }\n  static async getAvailableDrivers(req, res) {\n    try {\n      const drivers = await Queries.findAll(db.user, {\n        role: \"driver\",\n        status: \"available\",\n      });\n      if (drivers.count > 0) {\n        return response.success(res, \"List of available Drivers\", 200, drivers);\n      }\n      return response.error(res, \"No Available Driver\", 404);\n    } catch (e) {\n      return response.error(res, e.message, 500);\n    }\n  }\n  static async getDriversWithinLocation(req, res) {\n    try {\n      const { location } = req.params;\n      const decodeLocation = geoDecode(location);\n      const locationCoordinate = {\n        lat: decodeLocation.latitude,\n        lon: decodeLocation.longitude,\n      };\n      const drivers = await Queries.findAll(db.user, {\n        role: \"driver\",\n        status: \"available\",\n      });\n      if (drivers.count > 0) {\n        const availableDrivers = drivers.map(async (driver) => {\n          const driverLocation = await Queries.findOne(db.location, {\n            id: driver.locationId,\n          });\n          const cordinate = {\n            lat: driverLocation.latitude,\n            lon: driverLocation.longitude,\n          };\n          var myLoToDriverLo = Distance.between(locationCoordinate, cordinate);\n          if (myLoToDriverLo > Distance(\"3 km\")) {\n            return driver;\n          } else {\n            return null;\n          }\n        });\n        if (availableDrivers.length > 0) {\n          return response.success(\n            res,\n            \"List of available Drivers\",\n            200,\n            availableDrivers\n          );\n        } else {\n          return response.error(\n            res,\n            \"No Available Driver Within that location\",\n            404\n          );\n        }\n      }\n      return response.error(res, \"No Available Driver\", 404);\n    } catch (e) {\n      return response.error(res, e.message, 500);\n    }\n  }\n  static async getSpecificDrivers(req, res) {\n    try {\n      const { driverId } = req.params;\n      const driver = await Queries.findOne(db.user, {\n        role: \"driver\",\n        id: driverId,\n      });\n      if (driver.count > 0) {\n        return response.success(res, \"Driver Information\", 200, driver);\n      }\n      return response.error(res, \"that specific driver is not available\", 404);\n    } catch (e) {\n      return response.error(res, e.message, 500);\n    }\n  }\n}\n\nexport default DriversController;\n"]},"_coverageSchema":"1a1c01bbd47fc00a2c39e90264f33305004495a9","hash":"af7d5948e3da7a78717b3919f8bad6377cfe2706","contentHash":"261a44a45eeefc71bfec1903c751fc93bf0a783905eab2a3b14662a7b6c99db9"},"/home/jaja/Desktop/jaja code/taxis-24/src/helpers/response.js":{"path":"/home/jaja/Desktop/jaja code/taxis-24/src/helpers/response.js","statementMap":{"0":{"start":{"line":3,"column":29},"end":{"line":3,"column":84}},"1":{"start":{"line":5,"column":0},"end":{"line":7,"column":3}},"2":{"start":{"line":8,"column":0},"end":{"line":8,"column":28}},"3":{"start":{"line":10,"column":23},"end":{"line":10,"column":95}},"4":{"start":{"line":12,"column":20},"end":{"line":12,"column":89}},"5":{"start":{"line":17,"column":28},"end":{"line":41,"column":3}},"6":{"start":{"line":19,"column":4},"end":{"line":19,"column":53}},"7":{"start":{"line":22,"column":2},"end":{"line":39,"column":6}},"8":{"start":{"line":25,"column":6},"end":{"line":28,"column":9}},"9":{"start":{"line":33,"column":6},"end":{"line":37,"column":9}},"10":{"start":{"line":40,"column":2},"end":{"line":40,"column":18}},"11":{"start":{"line":43,"column":15},"end":{"line":43,"column":23}},"12":{"start":{"line":44,"column":0},"end":{"line":44,"column":30}}},"fnMap":{"0":{"name":"(anonymous_0)","decl":{"start":{"line":17,"column":28},"end":{"line":17,"column":29}},"loc":{"start":{"line":17,"column":40},"end":{"line":41,"column":1}},"line":17},"1":{"name":"response","decl":{"start":{"line":18,"column":11},"end":{"line":18,"column":19}},"loc":{"start":{"line":18,"column":22},"end":{"line":20,"column":3}},"line":18},"2":{"name":"error","decl":{"start":{"line":24,"column":20},"end":{"line":24,"column":25}},"loc":{"start":{"line":24,"column":44},"end":{"line":29,"column":5}},"line":24},"3":{"name":"success","decl":{"start":{"line":32,"column":20},"end":{"line":32,"column":27}},"loc":{"start":{"line":32,"column":52},"end":{"line":38,"column":5}},"line":32}},"branchMap":{},"s":{"0":1,"1":1,"2":1,"3":1,"4":1,"5":1,"6":0,"7":1,"8":0,"9":0,"10":1,"11":1,"12":1},"f":{"0":1,"1":0,"2":0,"3":0},"b":{},"inputSourceMap":{"version":3,"sources":["response.js"],"names":["response","res","msg","status","json","error","data","message"],"mappings":";;;;;;;;;;;;;AAAA;;;IAGMA,Q;;;;;;;0BAESC,G,EAAKC,G,EAAKC,M,EAAQ;AAC7B,aAAOF,GAAG,CAACE,MAAJ,CAAWA,MAAX,EAAmBC,IAAnB,CAAwB;AAC7BD,QAAAA,MAAM,EAANA,MAD6B;AAE7BE,QAAAA,KAAK,EAAEH;AAFsB,OAAxB,CAAP;AAID;;;4BAEcD,G,EAAKC,G,EAAKC,M,EAAQG,I,EAAM;AACrC,aAAOL,GAAG,CAACE,MAAJ,CAAWA,MAAX,EAAmBC,IAAnB,CAAwB;AAC7BD,QAAAA,MAAM,EAANA,MAD6B;AAE7BI,QAAAA,OAAO,EAAEL,GAFoB;AAG7BI,QAAAA,IAAI,EAAJA;AAH6B,OAAxB,CAAP;AAKD;;;;;eAEYN,Q","sourceRoot":"/home/jaja/Desktop/jaja code/taxis-24/src/helpers/","sourcesContent":["/**\n * Class is for all response return message and errors\n */\nclass response {\n\n  static error(res, msg, status) {\n    return res.status(status).json({\n      status,\n      error: msg,\n    });\n  }\n\n  static success(res, msg, status, data) {\n    return res.status(status).json({\n      status,\n      message: msg,\n      data,\n    });\n  }\n}\nexport default response;\n"]},"_coverageSchema":"1a1c01bbd47fc00a2c39e90264f33305004495a9","hash":"a69923deb8f3cad18c0ac643404af48b7652f509","contentHash":"614cd0457ac274ca159c4003320cdd42e1bc497c1c823452db02ceafb00cb104"},"/home/jaja/Desktop/jaja code/taxis-24/src/services/Queries.js":{"path":"/home/jaja/Desktop/jaja code/taxis-24/src/services/Queries.js","statementMap":{"0":{"start":{"line":3,"column":29},"end":{"line":3,"column":84}},"1":{"start":{"line":5,"column":0},"end":{"line":7,"column":3}},"2":{"start":{"line":8,"column":0},"end":{"line":8,"column":28}},"3":{"start":{"line":10,"column":19},"end":{"line":10,"column":80}},"4":{"start":{"line":12,"column":25},"end":{"line":12,"column":99}},"5":{"start":{"line":14,"column":23},"end":{"line":14,"column":95}},"6":{"start":{"line":16,"column":20},"end":{"line":16,"column":89}},"7":{"start":{"line":18,"column":17},"end":{"line":18,"column":37}},"8":{"start":{"line":20,"column":14},"end":{"line":20,"column":67}},"9":{"start":{"line":22,"column":27},"end":{"line":228,"column":3}},"10":{"start":{"line":24,"column":4},"end":{"line":24,"column":52}},"11":{"start":{"line":27,"column":2},"end":{"line":226,"column":6}},"12":{"start":{"line":30,"column":20},"end":{"line":55,"column":9}},"13":{"start":{"line":32,"column":8},"end":{"line":54,"column":36}},"14":{"start":{"line":33,"column":10},"end":{"line":53,"column":11}},"15":{"start":{"line":34,"column":12},"end":{"line":52,"column":13}},"16":{"start":{"line":36,"column":16},"end":{"line":36,"column":34}},"17":{"start":{"line":37,"column":16},"end":{"line":37,"column":34}},"18":{"start":{"line":38,"column":16},"end":{"line":38,"column":42}},"19":{"start":{"line":41,"column":16},"end":{"line":41,"column":38}},"20":{"start":{"line":42,"column":16},"end":{"line":42,"column":56}},"21":{"start":{"line":45,"column":16},"end":{"line":45,"column":34}},"22":{"start":{"line":46,"column":16},"end":{"line":46,"column":51}},"23":{"start":{"line":47,"column":16},"end":{"line":47,"column":62}},"24":{"start":{"line":51,"column":16},"end":{"line":51,"column":39}},"25":{"start":{"line":58,"column":8},"end":{"line":58,"column":46}},"26":{"start":{"line":61,"column":6},"end":{"line":61,"column":20}},"27":{"start":{"line":66,"column":20},"end":{"line":97,"column":9}},"28":{"start":{"line":68,"column":8},"end":{"line":96,"column":37}},"29":{"start":{"line":69,"column":10},"end":{"line":95,"column":11}},"30":{"start":{"line":70,"column":12},"end":{"line":94,"column":13}},"31":{"start":{"line":72,"column":16},"end":{"line":72,"column":35}},"32":{"start":{"line":73,"column":16},"end":{"line":73,"column":35}},"33":{"start":{"line":74,"column":16},"end":{"line":80,"column":19}},"34":{"start":{"line":83,"column":16},"end":{"line":83,"column":39}},"35":{"start":{"line":84,"column":16},"end":{"line":84,"column":57}},"36":{"start":{"line":87,"column":16},"end":{"line":87,"column":35}},"37":{"start":{"line":88,"column":16},"end":{"line":88,"column":53}},"38":{"start":{"line":89,"column":16},"end":{"line":89,"column":64}},"39":{"start":{"line":93,"column":16},"end":{"line":93,"column":40}},"40":{"start":{"line":100,"column":8},"end":{"line":100,"column":46}},"41":{"start":{"line":103,"column":6},"end":{"line":103,"column":20}},"42":{"start":{"line":108,"column":26},"end":{"line":136,"column":9}},"43":{"start":{"line":110,"column":8},"end":{"line":135,"column":37}},"44":{"start":{"line":111,"column":10},"end":{"line":134,"column":11}},"45":{"start":{"line":112,"column":12},"end":{"line":133,"column":13}},"46":{"start":{"line":114,"column":16},"end":{"line":114,"column":35}},"47":{"start":{"line":115,"column":16},"end":{"line":115,"column":35}},"48":{"start":{"line":116,"column":16},"end":{"line":119,"column":19}},"49":{"start":{"line":122,"column":16},"end":{"line":122,"column":39}},"50":{"start":{"line":123,"column":16},"end":{"line":123,"column":60}},"51":{"start":{"line":126,"column":16},"end":{"line":126,"column":35}},"52":{"start":{"line":127,"column":16},"end":{"line":127,"column":53}},"53":{"start":{"line":128,"column":16},"end":{"line":128,"column":64}},"54":{"start":{"line":132,"column":16},"end":{"line":132,"column":40}},"55":{"start":{"line":139,"column":8},"end":{"line":139,"column":52}},"56":{"start":{"line":142,"column":6},"end":{"line":142,"column":26}},"57":{"start":{"line":147,"column":27},"end":{"line":177,"column":9}},"58":{"start":{"line":149,"column":8},"end":{"line":176,"column":21}},"59":{"start":{"line":150,"column":10},"end":{"line":175,"column":11}},"60":{"start":{"line":151,"column":12},"end":{"line":174,"column":13}},"61":{"start":{"line":153,"column":16},"end":{"line":153,"column":35}},"62":{"start":{"line":154,"column":16},"end":{"line":156,"column":19}},"63":{"start":{"line":159,"column":16},"end":{"line":159,"column":38}},"64":{"start":{"line":161,"column":16},"end":{"line":164,"column":17}},"65":{"start":{"line":162,"column":18},"end":{"line":162,"column":37}},"66":{"start":{"line":163,"column":18},"end":{"line":163,"column":24}},"67":{"start":{"line":166,"column":16},"end":{"line":166,"column":56}},"68":{"start":{"line":169,"column":16},"end":{"line":169,"column":57}},"69":{"start":{"line":173,"column":16},"end":{"line":173,"column":40}},"70":{"start":{"line":180,"column":8},"end":{"line":180,"column":53}},"71":{"start":{"line":183,"column":6},"end":{"line":183,"column":27}},"72":{"start":{"line":188,"column":21},"end":{"line":218,"column":9}},"73":{"start":{"line":190,"column":8},"end":{"line":217,"column":21}},"74":{"start":{"line":191,"column":10},"end":{"line":216,"column":11}},"75":{"start":{"line":192,"column":12},"end":{"line":215,"column":13}},"76":{"start":{"line":194,"column":16},"end":{"line":194,"column":35}},"77":{"start":{"line":195,"column":16},"end":{"line":197,"column":19}},"78":{"start":{"line":200,"column":16},"end":{"line":200,"column":38}},"79":{"start":{"line":202,"column":16},"end":{"line":205,"column":17}},"80":{"start":{"line":203,"column":18},"end":{"line":203,"column":37}},"81":{"start":{"line":204,"column":18},"end":{"line":204,"column":24}},"82":{"start":{"line":207,"column":16},"end":{"line":207,"column":56}},"83":{"start":{"line":210,"column":16},"end":{"line":210,"column":57}},"84":{"start":{"line":214,"column":16},"end":{"line":214,"column":40}},"85":{"start":{"line":221,"column":8},"end":{"line":221,"column":47}},"86":{"start":{"line":224,"column":6},"end":{"line":224,"column":21}},"87":{"start":{"line":227,"column":2},"end":{"line":227,"column":17}},"88":{"start":{"line":230,"column":15},"end":{"line":230,"column":22}},"89":{"start":{"line":231,"column":0},"end":{"line":231,"column":30}}},"fnMap":{"0":{"name":"(anonymous_0)","decl":{"start":{"line":22,"column":27},"end":{"line":22,"column":28}},"loc":{"start":{"line":22,"column":39},"end":{"line":228,"column":1}},"line":22},"1":{"name":"Queries","decl":{"start":{"line":23,"column":11},"end":{"line":23,"column":18}},"loc":{"start":{"line":23,"column":21},"end":{"line":25,"column":3}},"line":23},"2":{"name":"(anonymous_2)","decl":{"start":{"line":29,"column":11},"end":{"line":29,"column":12}},"loc":{"start":{"line":29,"column":23},"end":{"line":62,"column":5}},"line":29},"3":{"name":"_callee","decl":{"start":{"line":30,"column":107},"end":{"line":30,"column":114}},"loc":{"start":{"line":30,"column":128},"end":{"line":55,"column":7}},"line":30},"4":{"name":"_callee$","decl":{"start":{"line":32,"column":53},"end":{"line":32,"column":61}},"loc":{"start":{"line":32,"column":72},"end":{"line":54,"column":9}},"line":32},"5":{"name":"create","decl":{"start":{"line":57,"column":15},"end":{"line":57,"column":21}},"loc":{"start":{"line":57,"column":31},"end":{"line":59,"column":7}},"line":57},"6":{"name":"(anonymous_6)","decl":{"start":{"line":65,"column":11},"end":{"line":65,"column":12}},"loc":{"start":{"line":65,"column":23},"end":{"line":104,"column":5}},"line":65},"7":{"name":"_callee2","decl":{"start":{"line":66,"column":107},"end":{"line":66,"column":115}},"loc":{"start":{"line":66,"column":140},"end":{"line":97,"column":7}},"line":66},"8":{"name":"_callee2$","decl":{"start":{"line":68,"column":53},"end":{"line":68,"column":62}},"loc":{"start":{"line":68,"column":74},"end":{"line":96,"column":9}},"line":68},"9":{"name":"update","decl":{"start":{"line":99,"column":15},"end":{"line":99,"column":21}},"loc":{"start":{"line":99,"column":37},"end":{"line":101,"column":7}},"line":99},"10":{"name":"(anonymous_10)","decl":{"start":{"line":107,"column":11},"end":{"line":107,"column":12}},"loc":{"start":{"line":107,"column":23},"end":{"line":143,"column":5}},"line":107},"11":{"name":"_callee3","decl":{"start":{"line":108,"column":113},"end":{"line":108,"column":121}},"loc":{"start":{"line":108,"column":146},"end":{"line":136,"column":7}},"line":108},"12":{"name":"_callee3$","decl":{"start":{"line":110,"column":53},"end":{"line":110,"column":62}},"loc":{"start":{"line":110,"column":74},"end":{"line":135,"column":9}},"line":110},"13":{"name":"findOrCreate","decl":{"start":{"line":138,"column":15},"end":{"line":138,"column":27}},"loc":{"start":{"line":138,"column":43},"end":{"line":140,"column":7}},"line":138},"14":{"name":"(anonymous_14)","decl":{"start":{"line":146,"column":11},"end":{"line":146,"column":12}},"loc":{"start":{"line":146,"column":23},"end":{"line":184,"column":5}},"line":146},"15":{"name":"_callee4","decl":{"start":{"line":147,"column":114},"end":{"line":147,"column":122}},"loc":{"start":{"line":147,"column":137},"end":{"line":177,"column":7}},"line":147},"16":{"name":"_callee4$","decl":{"start":{"line":149,"column":53},"end":{"line":149,"column":62}},"loc":{"start":{"line":149,"column":74},"end":{"line":176,"column":9}},"line":149},"17":{"name":"findOneRecord","decl":{"start":{"line":179,"column":15},"end":{"line":179,"column":28}},"loc":{"start":{"line":179,"column":40},"end":{"line":181,"column":7}},"line":179},"18":{"name":"(anonymous_18)","decl":{"start":{"line":187,"column":11},"end":{"line":187,"column":12}},"loc":{"start":{"line":187,"column":23},"end":{"line":225,"column":5}},"line":187},"19":{"name":"_callee5","decl":{"start":{"line":188,"column":108},"end":{"line":188,"column":116}},"loc":{"start":{"line":188,"column":131},"end":{"line":218,"column":7}},"line":188},"20":{"name":"_callee5$","decl":{"start":{"line":190,"column":53},"end":{"line":190,"column":62}},"loc":{"start":{"line":190,"column":74},"end":{"line":217,"column":9}},"line":190},"21":{"name":"findAll","decl":{"start":{"line":220,"column":15},"end":{"line":220,"column":22}},"loc":{"start":{"line":220,"column":35},"end":{"line":222,"column":7}},"line":220}},"branchMap":{"0":{"loc":{"start":{"line":34,"column":12},"end":{"line":52,"column":13}},"type":"switch","locations":[{"start":{"line":35,"column":14},"end":{"line":38,"column":42}},{"start":{"line":40,"column":14},"end":{"line":42,"column":56}},{"start":{"line":44,"column":14},"end":{"line":47,"column":62}},{"start":{"line":49,"column":14},"end":{"line":49,"column":22}},{"start":{"line":50,"column":14},"end":{"line":51,"column":39}}],"line":34},"1":{"loc":{"start":{"line":70,"column":12},"end":{"line":94,"column":13}},"type":"switch","locations":[{"start":{"line":71,"column":14},"end":{"line":80,"column":19}},{"start":{"line":82,"column":14},"end":{"line":84,"column":57}},{"start":{"line":86,"column":14},"end":{"line":89,"column":64}},{"start":{"line":91,"column":14},"end":{"line":91,"column":22}},{"start":{"line":92,"column":14},"end":{"line":93,"column":40}}],"line":70},"2":{"loc":{"start":{"line":112,"column":12},"end":{"line":133,"column":13}},"type":"switch","locations":[{"start":{"line":113,"column":14},"end":{"line":119,"column":19}},{"start":{"line":121,"column":14},"end":{"line":123,"column":60}},{"start":{"line":125,"column":14},"end":{"line":128,"column":64}},{"start":{"line":130,"column":14},"end":{"line":130,"column":22}},{"start":{"line":131,"column":14},"end":{"line":132,"column":40}}],"line":112},"3":{"loc":{"start":{"line":151,"column":12},"end":{"line":174,"column":13}},"type":"switch","locations":[{"start":{"line":152,"column":14},"end":{"line":156,"column":19}},{"start":{"line":158,"column":14},"end":{"line":166,"column":56}},{"start":{"line":168,"column":14},"end":{"line":169,"column":57}},{"start":{"line":171,"column":14},"end":{"line":171,"column":21}},{"start":{"line":172,"column":14},"end":{"line":173,"column":40}}],"line":151},"4":{"loc":{"start":{"line":161,"column":16},"end":{"line":164,"column":17}},"type":"if","locations":[{"start":{"line":161,"column":16},"end":{"line":164,"column":17}},{"start":{"line":161,"column":16},"end":{"line":164,"column":17}}],"line":161},"5":{"loc":{"start":{"line":192,"column":12},"end":{"line":215,"column":13}},"type":"switch","locations":[{"start":{"line":193,"column":14},"end":{"line":197,"column":19}},{"start":{"line":199,"column":14},"end":{"line":207,"column":56}},{"start":{"line":209,"column":14},"end":{"line":210,"column":57}},{"start":{"line":212,"column":14},"end":{"line":212,"column":21}},{"start":{"line":213,"column":14},"end":{"line":214,"column":40}}],"line":192},"6":{"loc":{"start":{"line":202,"column":16},"end":{"line":205,"column":17}},"type":"if","locations":[{"start":{"line":202,"column":16},"end":{"line":205,"column":17}},{"start":{"line":202,"column":16},"end":{"line":205,"column":17}}],"line":202}},"s":{"0":1,"1":1,"2":1,"3":1,"4":1,"5":1,"6":1,"7":1,"8":1,"9":1,"10":0,"11":1,"12":1,"13":0,"14":0,"15":0,"16":0,"17":0,"18":0,"19":0,"20":0,"21":0,"22":0,"23":0,"24":0,"25":0,"26":1,"27":1,"28":0,"29":0,"30":0,"31":0,"32":0,"33":0,"34":0,"35":0,"36":0,"37":0,"38":0,"39":0,"40":0,"41":1,"42":1,"43":0,"44":0,"45":0,"46":0,"47":0,"48":0,"49":0,"50":0,"51":0,"52":0,"53":0,"54":0,"55":0,"56":1,"57":1,"58":0,"59":0,"60":0,"61":0,"62":0,"63":0,"64":0,"65":0,"66":0,"67":0,"68":0,"69":0,"70":0,"71":1,"72":1,"73":0,"74":0,"75":0,"76":0,"77":0,"78":0,"79":0,"80":0,"81":0,"82":0,"83":0,"84":0,"85":0,"86":1,"87":1,"88":1,"89":1},"f":{"0":1,"1":0,"2":1,"3":0,"4":0,"5":0,"6":1,"7":0,"8":0,"9":0,"10":1,"11":0,"12":0,"13":0,"14":1,"15":0,"16":0,"17":0,"18":1,"19":0,"20":0,"21":0},"b":{"0":[0,0,0,0,0],"1":[0,0,0,0,0],"2":[0,0,0,0,0],"3":[0,0,0,0,0],"4":[0,0],"5":[0,0,0,0,0],"6":[0,0]},"inputSourceMap":{"version":3,"sources":["Queries.js"],"names":["Queries","table","data","create","datas","condition","update","where","returning","plain","findOrCreate","defaults","value","findOne","findAll"],"mappings":";;;;;;;;;;;;;;;;;AAAA;;AACA;;IAEMA,O;;;;;;;;mHACgBC,K,EAAOC,I;;;;;;;;uBAEHD,KAAK,CAACE,MAAN,CAAaD,IAAb,C;;;AAAdE,gBAAAA,K;iDACCA,K;;;;;;;;;;;;;;;;;;;;;;;;oHAKSH,K,EAAOC,I,EAAMG,S;;;;;;;;uBAETJ,KAAK,CAACK,MAAN,CAAaJ,IAAb,CAAkB;AAAlB,kBAChB;AACFK,kBAAAA,KAAK,EAAEF,SADL;AACgB;AAClBG,kBAAAA,SAAS,EAAE,IAFT;AAGFC,kBAAAA,KAAK,EAAE;AAHL,iBADgB,C;;;AAAdL,gBAAAA,K;kDAMCA,K;;;;;;;;;;;;;;;;;;;;;;;;0HAKeH,K,EAAOC,I,EAAMG,S;;;;;;;;uBAEfJ,KAAK,CAACS,YAAN,CAAmB;AACrCH,kBAAAA,KAAK,EAAEF,SAD8B;AAErCM,kBAAAA,QAAQ,EAAET;AAF2B,iBAAnB,C;;;AAAdE,gBAAAA,K;kDAICA,KAAK,CAAC,CAAD,C;;;;;;;;;;;;;;;;;;;;;;;;2HAKWH,K,EAAOW,K;;;;;;;uBACbX,KAAK,CAACY,OAAN,CAAc;AAAEN,kBAAAA,KAAK,EAAEK;AAAT,iBAAd,C;;;AAAbV,gBAAAA,I;;qBACFA,I;;;;;kDACKA,I;;;kDAEF,K;;;;;;;;;;;;;;;;;;;qHAEYD,K,EAAOW,K;;;;;;;uBACPX,KAAK,CAACa,OAAN,CAAc;AAAEP,kBAAAA,KAAK,EAAEK;AAAT,iBAAd,C;;;AAAbV,gBAAAA,I;;qBACFA,I;;;;;kDACKA,I;;;kDAEF,K;;;;;;;;;;;;;;;;;;;;eAIIF,O","sourceRoot":"/home/jaja/Desktop/jaja code/taxis-24/src/services/","sourcesContent":["import { Op } from 'sequelize';\nimport db from '../database/models';\n\nclass Queries {\n  static async create(table, data) {\n    try {\n      const datas = await table.create(data);\n      return datas;\n    } catch (error) {\n      return error;\n    }\n  }\n  static async update(table, data, condition) {\n    try {\n      const datas = await table.update(data // { isVerified: true, }; \n        , {\n        where: condition, // { email }\n        returning: true,\n        plain: true,\n      });\n      return datas;\n    } catch (error) {\n      return error;\n    }\n  }\n  static async findOrCreate(table, data, condition) {\n    try {\n      const datas = await table.findOrCreate({\n        where: condition,\n        defaults: data,\n      });\n      return datas[0];\n    } catch (error) {\n      return error;\n    }\n  }\n  static async findOneRecord(table, value) {\n    const data = await table.findOne({ where: value });\n    if (data) {\n      return data;\n    }\n    return false;\n  }\n  static async findAll(table, value) {\n    const data = await table.findAll({ where: value });\n    if (data) {\n      return data;\n    }\n    return false;\n  }\n\n}\nexport default Queries;\n"]},"_coverageSchema":"1a1c01bbd47fc00a2c39e90264f33305004495a9","hash":"af5e01afc37f17d03eeaf1301f664bc11a03153f","contentHash":"ba2fa38255627320b7b8f9dfa636ca409c5f08fb795960ae349e9ff1ff16ee00"},"/home/jaja/Desktop/jaja code/taxis-24/src/database/models/index.js":{"path":"/home/jaja/Desktop/jaja code/taxis-24/src/database/models/index.js","statementMap":{"0":{"start":{"line":3,"column":29},"end":{"line":3,"column":84}},"1":{"start":{"line":5,"column":0},"end":{"line":7,"column":3}},"2":{"start":{"line":8,"column":0},"end":{"line":8,"column":28}},"3":{"start":{"line":10,"column":10},"end":{"line":10,"column":47}},"4":{"start":{"line":12,"column":12},"end":{"line":12,"column":51}},"5":{"start":{"line":14,"column":17},"end":{"line":14,"column":61}},"6":{"start":{"line":16,"column":14},"end":{"line":16,"column":41}},"7":{"start":{"line":18,"column":18},"end":{"line":21,"column":1}},"8":{"start":{"line":23,"column":15},"end":{"line":23,"column":52}},"9":{"start":{"line":25,"column":10},"end":{"line":25,"column":30}},"10":{"start":{"line":26,"column":13},"end":{"line":26,"column":29}},"11":{"start":{"line":27,"column":9},"end":{"line":27,"column":11}},"12":{"start":{"line":28,"column":16},"end":{"line":28,"column":61}},"13":{"start":{"line":30,"column":0},"end":{"line":37,"column":3}},"14":{"start":{"line":31,"column":2},"end":{"line":31,"column":82}},"15":{"start":{"line":34,"column":14},"end":{"line":34,"column":105}},"16":{"start":{"line":36,"column":2},"end":{"line":36,"column":25}},"17":{"start":{"line":39,"column":0},"end":{"line":43,"column":3}},"18":{"start":{"line":40,"column":2},"end":{"line":42,"column":3}},"19":{"start":{"line":41,"column":4},"end":{"line":41,"column":32}},"20":{"start":{"line":44,"column":0},"end":{"line":44,"column":25}},"21":{"start":{"line":45,"column":0},"end":{"line":45,"column":37}},"22":{"start":{"line":46,"column":15},"end":{"line":46,"column":17}},"23":{"start":{"line":47,"column":0},"end":{"line":47,"column":30}}},"fnMap":{"0":{"name":"(anonymous_0)","decl":{"start":{"line":30,"column":45},"end":{"line":30,"column":46}},"loc":{"start":{"line":30,"column":61},"end":{"line":32,"column":1}},"line":30},"1":{"name":"(anonymous_1)","decl":{"start":{"line":32,"column":11},"end":{"line":32,"column":12}},"loc":{"start":{"line":32,"column":27},"end":{"line":37,"column":1}},"line":32},"2":{"name":"(anonymous_2)","decl":{"start":{"line":39,"column":24},"end":{"line":39,"column":25}},"loc":{"start":{"line":39,"column":45},"end":{"line":43,"column":1}},"line":39}},"branchMap":{"0":{"loc":{"start":{"line":31,"column":9},"end":{"line":31,"column":81}},"type":"binary-expr","locations":[{"start":{"line":31,"column":9},"end":{"line":31,"column":32}},{"start":{"line":31,"column":36},"end":{"line":31,"column":53}},{"start":{"line":31,"column":57},"end":{"line":31,"column":81}}],"line":31},"1":{"loc":{"start":{"line":40,"column":2},"end":{"line":42,"column":3}},"type":"if","locations":[{"start":{"line":40,"column":2},"end":{"line":42,"column":3}},{"start":{"line":40,"column":2},"end":{"line":42,"column":3}}],"line":40}},"s":{"0":1,"1":1,"2":1,"3":1,"4":1,"5":1,"6":1,"7":1,"8":1,"9":1,"10":1,"11":1,"12":1,"13":1,"14":5,"15":4,"16":4,"17":1,"18":4,"19":4,"20":1,"21":1,"22":1,"23":1},"f":{"0":5,"1":4,"2":4},"b":{"0":[5,5,4],"1":[4,0]},"inputSourceMap":{"version":3,"sources":["index.js"],"names":["environment","development","test","basename","path","__filename","env","process","NODE_ENV","config","db","sequelize","Sequelize","url","fs","readdirSync","__dirname","filter","file","indexOf","slice","forEach","model","require","join","DataTypes","name","Object","keys","modelName","associate"],"mappings":";;;;;;;;;AAAA;;AACA;;AACA;;AACA;;AAEA,IAAMA,WAAW,GAAG;AAClBC,EAAAA,WAAW,EAAXA,mBADkB;AAElBC,EAAAA,IAAI,EAAJA;AAFkB,CAApB;;AAIA,IAAMC,QAAQ,GAAGC,iBAAKD,QAAL,CAAcE,UAAd,CAAjB;;AACA,IAAMC,GAAG,GAAGC,OAAO,CAACD,GAAR,CAAYE,QAAxB;AACA,IAAMC,MAAM,GAAGT,WAAW,CAACM,GAAD,CAA1B;AACA,IAAMI,EAAE,GAAG,EAAX;AACA,IAAMC,SAAS,GAAG,IAAIC,qBAAJ,CAAcH,MAAM,CAACI,GAArB,EAA0BJ,MAA1B,CAAlB;;AACAK,eACGC,WADH,CACeC,SADf,EAEGC,MAFH,CAEU,UAACC,IAAD;AAAA,SAAWA,IAAI,CAACC,OAAL,CAAa,GAAb,MAAsB,CAAvB,IAA8BD,IAAI,KAAKf,QAAvC,IAAqDe,IAAI,CAACE,KAAL,CAAW,CAAC,CAAZ,MAAmB,KAAlF;AAAA,CAFV,EAGGC,OAHH,CAGW,UAACH,IAAD,EAAU;AACjB;AACA,MAAMI,KAAK,GAAGC,OAAO,CAACnB,iBAAKoB,IAAL,CAAUR,SAAV,EAAqBE,IAArB,CAAD,CAAP,CAAoCP,SAApC,EAA+CC,sBAAUa,SAAzD,CAAd;;AACAf,EAAAA,EAAE,CAACY,KAAK,CAACI,IAAP,CAAF,GAAiBJ,KAAjB;AACD,CAPH;;AAQAK,MAAM,CAACC,IAAP,CAAYlB,EAAZ,EAAgBW,OAAhB,CAAwB,UAACQ,SAAD,EAAe;AACrC,MAAInB,EAAE,CAACmB,SAAD,CAAF,CAAcC,SAAlB,EAA6B;AAC3BpB,IAAAA,EAAE,CAACmB,SAAD,CAAF,CAAcC,SAAd,CAAwBpB,EAAxB;AACD;AACF,CAJD;AAKAA,EAAE,CAACC,SAAH,GAAeA,SAAf;AACAD,EAAE,CAACE,SAAH,GAAeA,qBAAf;eACeF,E","sourceRoot":"/home/jaja/Desktop/jaja code/taxis-24/src/database/models/","sourcesContent":["import fs from 'fs';\nimport path from 'path';\nimport Sequelize from 'sequelize';\nimport { development, test } from '../config/config';\n\nconst environment = {\n  development,\n  test,\n};\nconst basename = path.basename(__filename);\nconst env = process.env.NODE_ENV;\nconst config = environment[env];\nconst db = {};\nconst sequelize = new Sequelize(config.url, config);\nfs\n  .readdirSync(__dirname)\n  .filter((file) => (file.indexOf('.') !== 0) && (file !== basename) && (file.slice(-3) === '.js'))\n  .forEach((file) => {\n    // const model = sequelize.import(path.join(__dirname, file));\n    const model = require(path.join(__dirname, file))(sequelize, Sequelize.DataTypes)\n    db[model.name] = model;\n  });\nObject.keys(db).forEach((modelName) => {\n  if (db[modelName].associate) {\n    db[modelName].associate(db);\n  }\n});\ndb.sequelize = sequelize;\ndb.Sequelize = Sequelize;\nexport default db;\n"]},"_coverageSchema":"1a1c01bbd47fc00a2c39e90264f33305004495a9","hash":"ced8f44d903de3434fb860b66516dbb30dce4b6a","contentHash":"56ea910b7461d676bdfcbfdc399c82e4c536df51108d6ec7f93c457abe04e397"},"/home/jaja/Desktop/jaja code/taxis-24/src/database/config/config.js":{"path":"/home/jaja/Desktop/jaja code/taxis-24/src/database/config/config.js","statementMap":{"0":{"start":{"line":3,"column":0},"end":{"line":3,"column":27}},"1":{"start":{"line":5,"column":0},"end":{"line":9,"column":2}},"2":{"start":{"line":10,"column":0},"end":{"line":14,"column":2}}},"fnMap":{},"branchMap":{},"s":{"0":1,"1":1,"2":1},"f":{},"b":{},"inputSourceMap":{"version":3,"sources":["config.js"],"names":["require","config","module","exports","development","url","process","env","DATABASE_URL_DEV","dialect","logging","test","DATABASE_URL_TEST"],"mappings":";;AAAAA,OAAO,CAAC,QAAD,CAAP,CAAkBC,MAAlB;;AAEAC,MAAM,CAACC,OAAP,CAAeC,WAAf,GAA6B;AAC3BC,EAAAA,GAAG,EAAEC,OAAO,CAACC,GAAR,CAAYC,gBADU;AAE3BC,EAAAA,OAAO,EAAE,UAFkB;AAG3BC,EAAAA,OAAO,EAAE;AAHkB,CAA7B;AAMAR,MAAM,CAACC,OAAP,CAAeQ,IAAf,GAAsB;AACpBN,EAAAA,GAAG,EAAEC,OAAO,CAACC,GAAR,CAAYK,iBADG;AAEpBH,EAAAA,OAAO,EAAE,UAFW;AAGpBC,EAAAA,OAAO,EAAE;AAHW,CAAtB","sourceRoot":"/home/jaja/Desktop/jaja code/taxis-24/src/database/config/","sourcesContent":["require('dotenv').config();\n\nmodule.exports.development = {\n  url: process.env.DATABASE_URL_DEV,\n  dialect: 'postgres',\n  logging: false,\n};\n\nmodule.exports.test = {\n  url: process.env.DATABASE_URL_TEST,\n  dialect: 'postgres',\n  logging: false,\n};\n\n"]},"_coverageSchema":"1a1c01bbd47fc00a2c39e90264f33305004495a9","hash":"a9b56755cb922388f2bdd0e5615f421c87244ea2","contentHash":"4b8c7d0efbc36b07c44522b0609d3e3beb80458de65857357d43640fee71f652"},"/home/jaja/Desktop/jaja code/taxis-24/src/database/models/invoice.js":{"path":"/home/jaja/Desktop/jaja code/taxis-24/src/database/models/invoice.js","statementMap":{"0":{"start":{"line":3,"column":0},"end":{"line":21,"column":2}},"1":{"start":{"line":4,"column":16},"end":{"line":8,"column":8}},"2":{"start":{"line":10,"column":2},"end":{"line":18,"column":4}},"3":{"start":{"line":11,"column":4},"end":{"line":17,"column":7}},"4":{"start":{"line":20,"column":2},"end":{"line":20,"column":17}}},"fnMap":{"0":{"name":"(anonymous_0)","decl":{"start":{"line":3,"column":17},"end":{"line":3,"column":18}},"loc":{"start":{"line":3,"column":49},"end":{"line":21,"column":1}},"line":3},"1":{"name":"(anonymous_1)","decl":{"start":{"line":10,"column":22},"end":{"line":10,"column":23}},"loc":{"start":{"line":10,"column":40},"end":{"line":18,"column":3}},"line":10}},"branchMap":{},"s":{"0":1,"1":1,"2":1,"3":1,"4":1},"f":{"0":1,"1":1},"b":{},"inputSourceMap":{"version":3,"sources":["invoice.js"],"names":["module","exports","sequelize","DataTypes","invoice","define","tripId","INTEGER","cost","STRING","status","associate","models","belongsTo","trip","foreignKey","onDelete","onUpdate"],"mappings":";;AAAAA,MAAM,CAACC,OAAP,GAAiB,UAACC,SAAD,EAAYC,SAAZ,EAA0B;AACzC,MAAMC,OAAO,GAAGF,SAAS,CAACG,MAAV,CAAiB,SAAjB,EAA4B;AAC1CC,IAAAA,MAAM,EAAEH,SAAS,CAACI,OADwB;AAE1CC,IAAAA,IAAI,EAAEL,SAAS,CAACM,MAF0B;AAG1CC,IAAAA,MAAM,EAAEP,SAAS,CAACM;AAHwB,GAA5B,EAIb,EAJa,CAAhB;;AAKAL,EAAAA,OAAO,CAACO,SAAR,GAAoB,UAAUC,MAAV,EAAkB;AACpCR,IAAAA,OAAO,CAACS,SAAR,CACED,MAAM,CAACE,IADT,EAEE;AAAEC,MAAAA,UAAU,EAAE;AAAd,KAFF,EAGE;AAAEC,MAAAA,QAAQ,EAAE;AAAZ,KAHF,EAIE;AAAEC,MAAAA,QAAQ,EAAE;AAAZ,KAJF;AAMD,GAPD;;AAQA,SAAOb,OAAP;AACD,CAfD","sourceRoot":"/home/jaja/Desktop/jaja code/taxis-24/src/database/models/","sourcesContent":["module.exports = (sequelize, DataTypes) => {\n  const invoice = sequelize.define('invoice', {\n    tripId: DataTypes.INTEGER,\n    cost: DataTypes.STRING,\n    status: DataTypes.STRING\n  }, {});\n  invoice.associate = function (models) {\n    invoice.belongsTo(\n      models.trip,\n      { foreignKey: 'tripId' },\n      { onDelete: 'cascade' },\n      { onUpdate: 'cascade' },\n    );\n  };\n  return invoice;\n};"]},"_coverageSchema":"1a1c01bbd47fc00a2c39e90264f33305004495a9","hash":"00e25dcebd1a487932f380c64813363d2c7fbdeb","contentHash":"65effb078eb275c91ac196d195befcac313732a4f8a812a2e1efd867c4d71832"},"/home/jaja/Desktop/jaja code/taxis-24/src/database/models/location.js":{"path":"/home/jaja/Desktop/jaja code/taxis-24/src/database/models/location.js","statementMap":{"0":{"start":{"line":3,"column":0},"end":{"line":17,"column":2}},"1":{"start":{"line":4,"column":17},"end":{"line":12,"column":8}},"2":{"start":{"line":14,"column":2},"end":{"line":14,"column":44}},"3":{"start":{"line":16,"column":2},"end":{"line":16,"column":18}}},"fnMap":{"0":{"name":"(anonymous_0)","decl":{"start":{"line":3,"column":17},"end":{"line":3,"column":18}},"loc":{"start":{"line":3,"column":49},"end":{"line":17,"column":1}},"line":3},"1":{"name":"(anonymous_1)","decl":{"start":{"line":14,"column":23},"end":{"line":14,"column":24}},"loc":{"start":{"line":14,"column":41},"end":{"line":14,"column":43}},"line":14}},"branchMap":{},"s":{"0":1,"1":1,"2":1,"3":1},"f":{"0":1,"1":1},"b":{},"inputSourceMap":{"version":3,"sources":["location.js"],"names":["module","exports","sequelize","DataTypes","location","define","latitude","STRING","longitude","country","city","state","streetName","streetNumber","associate","models"],"mappings":";;AAAAA,MAAM,CAACC,OAAP,GAAiB,UAACC,SAAD,EAAYC,SAAZ,EAA0B;AACzC,MAAMC,QAAQ,GAAGF,SAAS,CAACG,MAAV,CAAiB,UAAjB,EAA6B;AAC5CC,IAAAA,QAAQ,EAAEH,SAAS,CAACI,MADwB;AAE5CC,IAAAA,SAAS,EAAEL,SAAS,CAACI,MAFuB;AAG5CE,IAAAA,OAAO,EAAEN,SAAS,CAACI,MAHyB;AAI5CG,IAAAA,IAAI,EAAEP,SAAS,CAACI,MAJ4B;AAK5CI,IAAAA,KAAK,EAAER,SAAS,CAACI,MAL2B;AAM5CK,IAAAA,UAAU,EAAET,SAAS,CAACI,MANsB;AAO5CM,IAAAA,YAAY,EAAEV,SAAS,CAACI;AAPoB,GAA7B,EAQd,EARc,CAAjB;;AASAH,EAAAA,QAAQ,CAACU,SAAT,GAAqB,UAAUC,MAAV,EAAkB,CACtC,CADD;;AAEA,SAAOX,QAAP;AACD,CAbD","sourceRoot":"/home/jaja/Desktop/jaja code/taxis-24/src/database/models/","sourcesContent":["module.exports = (sequelize, DataTypes) => {\n  const location = sequelize.define('location', {\n    latitude: DataTypes.STRING,\n    longitude: DataTypes.STRING,\n    country: DataTypes.STRING,\n    city: DataTypes.STRING,\n    state: DataTypes.STRING,\n    streetName: DataTypes.STRING,\n    streetNumber: DataTypes.STRING\n  }, {});\n  location.associate = function (models) {\n  };\n  return location;\n};"]},"_coverageSchema":"1a1c01bbd47fc00a2c39e90264f33305004495a9","hash":"1a240fe9fca01fa1470e41da2eb0f113251bbc59","contentHash":"dfc32c9e51b7d2b3a06d41d0f33b740d701d73ae222446f885c670fd987e2e1b"},"/home/jaja/Desktop/jaja code/taxis-24/src/database/models/trip.js":{"path":"/home/jaja/Desktop/jaja code/taxis-24/src/database/models/trip.js","statementMap":{"0":{"start":{"line":3,"column":0},"end":{"line":45,"column":2}},"1":{"start":{"line":4,"column":13},"end":{"line":11,"column":8}},"2":{"start":{"line":13,"column":2},"end":{"line":42,"column":4}},"3":{"start":{"line":14,"column":4},"end":{"line":20,"column":7}},"4":{"start":{"line":21,"column":4},"end":{"line":27,"column":7}},"5":{"start":{"line":28,"column":4},"end":{"line":34,"column":7}},"6":{"start":{"line":35,"column":4},"end":{"line":41,"column":7}},"7":{"start":{"line":44,"column":2},"end":{"line":44,"column":14}}},"fnMap":{"0":{"name":"(anonymous_0)","decl":{"start":{"line":3,"column":17},"end":{"line":3,"column":18}},"loc":{"start":{"line":3,"column":49},"end":{"line":45,"column":1}},"line":3},"1":{"name":"(anonymous_1)","decl":{"start":{"line":13,"column":19},"end":{"line":13,"column":20}},"loc":{"start":{"line":13,"column":37},"end":{"line":42,"column":3}},"line":13}},"branchMap":{},"s":{"0":1,"1":1,"2":1,"3":1,"4":1,"5":1,"6":1,"7":1},"f":{"0":1,"1":1},"b":{},"inputSourceMap":{"version":3,"sources":["trip.js"],"names":["module","exports","sequelize","DataTypes","trip","define","driverId","INTEGER","riderId","from","to","distance","STRING","status","associate","models","belongsTo","user","foreignKey","onDelete","onUpdate","location"],"mappings":";;AAAAA,MAAM,CAACC,OAAP,GAAiB,UAACC,SAAD,EAAYC,SAAZ,EAA0B;AACzC,MAAMC,IAAI,GAAGF,SAAS,CAACG,MAAV,CAAiB,MAAjB,EAAyB;AACpCC,IAAAA,QAAQ,EAAEH,SAAS,CAACI,OADgB;AAEpCC,IAAAA,OAAO,EAAEL,SAAS,CAACI,OAFiB;AAGpCE,IAAAA,IAAI,EAAEN,SAAS,CAACI,OAHoB;AAIpCG,IAAAA,EAAE,EAAEP,SAAS,CAACI,OAJsB;AAKpCI,IAAAA,QAAQ,EAAER,SAAS,CAACS,MALgB;AAMpCC,IAAAA,MAAM,EAAEV,SAAS,CAACS;AANkB,GAAzB,EAOV,EAPU,CAAb;;AAQAR,EAAAA,IAAI,CAACU,SAAL,GAAiB,UAAUC,MAAV,EAAkB;AACjCX,IAAAA,IAAI,CAACY,SAAL,CACED,MAAM,CAACE,IADT,EAEE;AAAEC,MAAAA,UAAU,EAAE;AAAd,KAFF,EAGE;AAAEC,MAAAA,QAAQ,EAAE;AAAZ,KAHF,EAIE;AAAEC,MAAAA,QAAQ,EAAE;AAAZ,KAJF;AAMAhB,IAAAA,IAAI,CAACY,SAAL,CACED,MAAM,CAACE,IADT,EAEE;AAAEC,MAAAA,UAAU,EAAE;AAAd,KAFF,EAGE;AAAEC,MAAAA,QAAQ,EAAE;AAAZ,KAHF,EAIE;AAAEC,MAAAA,QAAQ,EAAE;AAAZ,KAJF;AAMAhB,IAAAA,IAAI,CAACY,SAAL,CACED,MAAM,CAACM,QADT,EAEE;AAAEH,MAAAA,UAAU,EAAE;AAAd,KAFF,EAGE;AAAEC,MAAAA,QAAQ,EAAE;AAAZ,KAHF,EAIE;AAAEC,MAAAA,QAAQ,EAAE;AAAZ,KAJF;AAMAhB,IAAAA,IAAI,CAACY,SAAL,CACED,MAAM,CAACM,QADT,EAEE;AAAEH,MAAAA,UAAU,EAAE;AAAd,KAFF,EAGE;AAAEC,MAAAA,QAAQ,EAAE;AAAZ,KAHF,EAIE;AAAEC,MAAAA,QAAQ,EAAE;AAAZ,KAJF;AAMD,GAzBD;;AA0BA,SAAOhB,IAAP;AACD,CApCD","sourceRoot":"/home/jaja/Desktop/jaja code/taxis-24/src/database/models/","sourcesContent":["module.exports = (sequelize, DataTypes) => {\n  const trip = sequelize.define('trip', {\n    driverId: DataTypes.INTEGER,\n    riderId: DataTypes.INTEGER,\n    from: DataTypes.INTEGER,\n    to: DataTypes.INTEGER,\n    distance: DataTypes.STRING,\n    status: DataTypes.STRING,\n  }, {});\n  trip.associate = function (models) {\n    trip.belongsTo(\n      models.user,\n      { foreignKey: 'driverId' },\n      { onDelete: 'cascade' },\n      { onUpdate: 'cascade' },\n    );\n    trip.belongsTo(\n      models.user,\n      { foreignKey: 'riderId' },\n      { onDelete: 'cascade' },\n      { onUpdate: 'cascade' },\n    );\n    trip.belongsTo(\n      models.location,\n      { foreignKey: 'from' },\n      { onDelete: 'cascade' },\n      { onUpdate: 'cascade' },\n    );\n    trip.belongsTo(\n      models.location,\n      { foreignKey: 'to' },\n      { onDelete: 'cascade' },\n      { onUpdate: 'cascade' },\n    );\n  };\n  return trip;\n};\n\n"]},"_coverageSchema":"1a1c01bbd47fc00a2c39e90264f33305004495a9","hash":"061c0c7a444cedd84d6c2a69060b2302e549aebe","contentHash":"3df748f0f4d268cb3a75d7631b3b434449671e01dce50d0e555442ca43e0a13f"},"/home/jaja/Desktop/jaja code/taxis-24/src/database/models/user.js":{"path":"/home/jaja/Desktop/jaja code/taxis-24/src/database/models/user.js","statementMap":{"0":{"start":{"line":3,"column":0},"end":{"line":24,"column":2}},"1":{"start":{"line":4,"column":13},"end":{"line":11,"column":8}},"2":{"start":{"line":13,"column":2},"end":{"line":21,"column":4}},"3":{"start":{"line":14,"column":4},"end":{"line":20,"column":7}},"4":{"start":{"line":23,"column":2},"end":{"line":23,"column":14}}},"fnMap":{"0":{"name":"(anonymous_0)","decl":{"start":{"line":3,"column":17},"end":{"line":3,"column":18}},"loc":{"start":{"line":3,"column":49},"end":{"line":24,"column":1}},"line":3},"1":{"name":"(anonymous_1)","decl":{"start":{"line":13,"column":19},"end":{"line":13,"column":20}},"loc":{"start":{"line":13,"column":37},"end":{"line":21,"column":3}},"line":13}},"branchMap":{},"s":{"0":1,"1":1,"2":1,"3":1,"4":1},"f":{"0":1,"1":1},"b":{},"inputSourceMap":{"version":3,"sources":["user.js"],"names":["module","exports","sequelize","DataTypes","user","define","name","STRING","email","number","locationId","INTEGER","role","status","associate","models","belongsTo","location","foreignKey","onDelete","onUpdate"],"mappings":";;AAAAA,MAAM,CAACC,OAAP,GAAiB,UAACC,SAAD,EAAYC,SAAZ,EAA0B;AACzC,MAAMC,IAAI,GAAGF,SAAS,CAACG,MAAV,CAAiB,MAAjB,EAAyB;AACpCC,IAAAA,IAAI,EAAEH,SAAS,CAACI,MADoB;AAEpCC,IAAAA,KAAK,EAAEL,SAAS,CAACI,MAFmB;AAGpCE,IAAAA,MAAM,EAAEN,SAAS,CAACI,MAHkB;AAIpCG,IAAAA,UAAU,EAAEP,SAAS,CAACQ,OAJc;AAKpCC,IAAAA,IAAI,EAAET,SAAS,CAACI,MALoB;AAMpCM,IAAAA,MAAM,EAAEV,SAAS,CAACI;AANkB,GAAzB,EAOV,EAPU,CAAb;;AAQAH,EAAAA,IAAI,CAACU,SAAL,GAAiB,UAAUC,MAAV,EAAkB;AACjCX,IAAAA,IAAI,CAACY,SAAL,CACED,MAAM,CAACE,QADT,EAEE;AAAEC,MAAAA,UAAU,EAAE;AAAd,KAFF,EAGE;AAAEC,MAAAA,QAAQ,EAAE;AAAZ,KAHF,EAIE;AAAEC,MAAAA,QAAQ,EAAE;AAAZ,KAJF;AAMD,GAPD;;AAQA,SAAOhB,IAAP;AACD,CAlBD","sourceRoot":"/home/jaja/Desktop/jaja code/taxis-24/src/database/models/","sourcesContent":["module.exports = (sequelize, DataTypes) => {\n  const user = sequelize.define('user', {\n    name: DataTypes.STRING,\n    email: DataTypes.STRING,\n    number: DataTypes.STRING,\n    locationId: DataTypes.INTEGER,\n    role: DataTypes.STRING,\n    status: DataTypes.STRING,\n  }, {});\n  user.associate = function (models) {\n    user.belongsTo(\n      models.location,\n      { foreignKey: 'locationId' },\n      { onDelete: 'cascade' },\n      { onUpdate: 'cascade' },\n    );\n  };\n  return user;\n};\n\n"]},"_coverageSchema":"1a1c01bbd47fc00a2c39e90264f33305004495a9","hash":"7480f51e796c5d2879daa37583d451f10a6a1ebb","contentHash":"d44f99ac1721b9287e1bda3310a5f151afb8ec51702587680309777376c322d6"},"/home/jaja/Desktop/jaja code/taxis-24/src/helpers/addressDecoder.js":{"path":"/home/jaja/Desktop/jaja code/taxis-24/src/helpers/addressDecoder.js","statementMap":{"0":{"start":{"line":3,"column":29},"end":{"line":3,"column":84}},"1":{"start":{"line":5,"column":0},"end":{"line":7,"column":3}},"2":{"start":{"line":8,"column":0},"end":{"line":8,"column":28}},"3":{"start":{"line":10,"column":23},"end":{"line":10,"column":95}},"4":{"start":{"line":12,"column":20},"end":{"line":12,"column":89}},"5":{"start":{"line":14,"column":20},"end":{"line":14,"column":68}},"6":{"start":{"line":16,"column":14},"end":{"line":18,"column":1}},"7":{"start":{"line":19,"column":15},"end":{"line":19,"column":53}},"8":{"start":{"line":21,"column":26},"end":{"line":49,"column":3}},"9":{"start":{"line":23,"column":4},"end":{"line":23,"column":51}},"10":{"start":{"line":26,"column":2},"end":{"line":47,"column":6}},"11":{"start":{"line":29,"column":6},"end":{"line":33,"column":9}},"12":{"start":{"line":30,"column":8},"end":{"line":30,"column":19}},"13":{"start":{"line":32,"column":8},"end":{"line":32,"column":19}},"14":{"start":{"line":38,"column":6},"end":{"line":45,"column":9}},"15":{"start":{"line":42,"column":8},"end":{"line":42,"column":19}},"16":{"start":{"line":44,"column":8},"end":{"line":44,"column":19}},"17":{"start":{"line":48,"column":2},"end":{"line":48,"column":16}},"18":{"start":{"line":51,"column":15},"end":{"line":51,"column":21}},"19":{"start":{"line":52,"column":0},"end":{"line":52,"column":30}}},"fnMap":{"0":{"name":"(anonymous_0)","decl":{"start":{"line":21,"column":26},"end":{"line":21,"column":27}},"loc":{"start":{"line":21,"column":38},"end":{"line":49,"column":1}},"line":21},"1":{"name":"decode","decl":{"start":{"line":22,"column":11},"end":{"line":22,"column":17}},"loc":{"start":{"line":22,"column":20},"end":{"line":24,"column":3}},"line":22},"2":{"name":"geoDecode","decl":{"start":{"line":28,"column":20},"end":{"line":28,"column":29}},"loc":{"start":{"line":28,"column":40},"end":{"line":34,"column":5}},"line":28},"3":{"name":"(anonymous_3)","decl":{"start":{"line":29,"column":38},"end":{"line":29,"column":39}},"loc":{"start":{"line":29,"column":53},"end":{"line":31,"column":7}},"line":29},"4":{"name":"(anonymous_4)","decl":{"start":{"line":31,"column":18},"end":{"line":31,"column":19}},"loc":{"start":{"line":31,"column":33},"end":{"line":33,"column":7}},"line":31},"5":{"name":"reverse","decl":{"start":{"line":37,"column":20},"end":{"line":37,"column":27}},"loc":{"start":{"line":37,"column":39},"end":{"line":46,"column":5}},"line":37},"6":{"name":"(anonymous_6)","decl":{"start":{"line":41,"column":14},"end":{"line":41,"column":15}},"loc":{"start":{"line":41,"column":29},"end":{"line":43,"column":7}},"line":41},"7":{"name":"(anonymous_7)","decl":{"start":{"line":43,"column":18},"end":{"line":43,"column":19}},"loc":{"start":{"line":43,"column":33},"end":{"line":45,"column":7}},"line":43}},"branchMap":{},"s":{"0":1,"1":1,"2":1,"3":1,"4":1,"5":1,"6":1,"7":1,"8":1,"9":0,"10":1,"11":0,"12":0,"13":0,"14":0,"15":0,"16":0,"17":1,"18":1,"19":1},"f":{"0":1,"1":0,"2":0,"3":0,"4":0,"5":0,"6":0,"7":0},"b":{},"inputSourceMap":{"version":3,"sources":["addressDecoder.js"],"names":["options","provider","geoCoder","decode","location","geocode","then","res","err","cordinate","reverse","lat","lon"],"mappings":";;;;;;;;;;;;;AAAA;;AAEA,IAAIA,OAAO,GAAG;AACVC,EAAAA,QAAQ,EAAE;AADA,CAAd;AAGA,IAAIC,QAAQ,GAAG,8BAAaF,OAAb,CAAf;;IAEMG,M;;;;;;;8BAEaC,Q,EAAU;AACzBF,MAAAA,QAAQ,CAACG,OAAT,CAAiBD,QAAjB,EAA2BE,IAA3B,CAAgC,UAACC,GAAD,EAAQ;AACtC,eAAOA,GAAP;AACD,OAFD,WAES,UAACC,GAAD,EAAQ;AACb,eAAOA,GAAP;AACH,OAJD;AAKD;;;4BAEcC,S,EAAW;AACxBP,MAAAA,QAAQ,CAACQ,OAAT,CAAiB;AAACC,QAAAA,GAAG,EAAC,KAAL;AAAYC,QAAAA,GAAG,EAAC,CAAC;AAAjB,OAAjB,EACCN,IADD,CACM,UAACC,GAAD,EAAQ;AACV,eAAOA,GAAP;AACH,OAHD,WAGS,UAACC,GAAD,EAAQ;AACb,eAAOA,GAAP;AACH,OALD;AAMH;;;;;eAIcL,M","sourceRoot":"/home/jaja/Desktop/jaja code/taxis-24/src/helpers/","sourcesContent":["import nodeGeocoder from 'node-geocoder';\n\nlet options = {\n    provider: 'openstreetmap'\n  };\nlet geoCoder = nodeGeocoder(options);\n\nclass decode {\n\n  static geoDecode(location) {\n    geoCoder.geocode(location).then((res)=> {\n      return res;\n    }).catch((err)=> {\n        return err;\n    });  \n  }\n\n  static reverse(cordinate) {\n    geoCoder.reverse({lat:38.66, lon:-78.43})\n    .then((res)=> {\n        return res;\n    }).catch((err)=> {\n        return err;\n    });\n}\n\n}\n\nexport default decode;"]},"_coverageSchema":"1a1c01bbd47fc00a2c39e90264f33305004495a9","hash":"d94820870b251f602504fe2eccff6e27fc670d2c","contentHash":"97942c3b38931b3c9658e8cb1449ee597622ec674682fc0f605624fe21731748"},"/home/jaja/Desktop/jaja code/taxis-24/src/routes/ridersRoute.js":{"path":"/home/jaja/Desktop/jaja code/taxis-24/src/routes/ridersRoute.js","statementMap":{"0":{"start":{"line":3,"column":29},"end":{"line":3,"column":84}},"1":{"start":{"line":5,"column":0},"end":{"line":7,"column":3}},"2":{"start":{"line":8,"column":0},"end":{"line":8,"column":28}},"3":{"start":{"line":10,"column":15},"end":{"line":10,"column":57}},"4":{"start":{"line":12,"column":24},"end":{"line":12,"column":90}},"5":{"start":{"line":14,"column":13},"end":{"line":14,"column":41}},"6":{"start":{"line":16,"column":0},"end":{"line":16,"column":56}},"7":{"start":{"line":17,"column":0},"end":{"line":17,"column":71}},"8":{"start":{"line":18,"column":0},"end":{"line":18,"column":81}},"9":{"start":{"line":19,"column":15},"end":{"line":19,"column":21}},"10":{"start":{"line":20,"column":0},"end":{"line":20,"column":30}}},"fnMap":{},"branchMap":{},"s":{"0":1,"1":1,"2":1,"3":1,"4":1,"5":1,"6":1,"7":1,"8":1,"9":1,"10":1},"f":{},"b":{},"inputSourceMap":{"version":3,"sources":["ridersRoute.js"],"names":["router","express","Router","get","RidersController","getRiders","getSpecificRider","getClosestDrivers"],"mappings":";;;;;;;;;AAAA;;AACA;;AAEA,IAAMA,MAAM,GAAGC,oBAAQC,MAAR,EAAf;;AAEAF,MAAM,CAACG,GAAP,CAAW,GAAX,EAAgBC,6BAAiBC,SAAjC;AACAL,MAAM,CAACG,GAAP,CAAW,WAAX,EAAwBC,6BAAiBE,gBAAzC;AACAN,MAAM,CAACG,GAAP,CAAW,oBAAX,EAAiCC,6BAAiBG,iBAAlD;eAEeP,M","sourceRoot":"/home/jaja/Desktop/jaja code/taxis-24/src/routes/","sourcesContent":["import express from 'express';\nimport RidersController from \"../controllers/ridersController\";\n\nconst router = express.Router();\n\nrouter.get('/', RidersController.getRiders);\nrouter.get('/:riderId', RidersController.getSpecificRider);\nrouter.get('/closest/:driverId', RidersController.getClosestDrivers);\n\nexport default router;\n"]},"_coverageSchema":"1a1c01bbd47fc00a2c39e90264f33305004495a9","hash":"3f707e864811d67648732721d925215c1de92059","contentHash":"e46c93fcad9d997eb8cca276fc56eb37ae48df366916f6f6d6414036b67b9a9c"},"/home/jaja/Desktop/jaja code/taxis-24/src/controllers/ridersController.js":{"path":"/home/jaja/Desktop/jaja code/taxis-24/src/controllers/ridersController.js","statementMap":{"0":{"start":{"line":3,"column":29},"end":{"line":3,"column":84}},"1":{"start":{"line":5,"column":0},"end":{"line":7,"column":3}},"2":{"start":{"line":8,"column":0},"end":{"line":8,"column":28}},"3":{"start":{"line":10,"column":19},"end":{"line":10,"column":80}},"4":{"start":{"line":12,"column":25},"end":{"line":12,"column":99}},"5":{"start":{"line":14,"column":23},"end":{"line":14,"column":95}},"6":{"start":{"line":16,"column":20},"end":{"line":16,"column":89}},"7":{"start":{"line":18,"column":16},"end":{"line":18,"column":70}},"8":{"start":{"line":20,"column":15},"end":{"line":20,"column":69}},"9":{"start":{"line":22,"column":36},"end":{"line":222,"column":3}},"10":{"start":{"line":24,"column":4},"end":{"line":24,"column":61}},"11":{"start":{"line":27,"column":2},"end":{"line":220,"column":6}},"12":{"start":{"line":30,"column":23},"end":{"line":66,"column":9}},"13":{"start":{"line":32,"column":8},"end":{"line":65,"column":36}},"14":{"start":{"line":33,"column":10},"end":{"line":64,"column":11}},"15":{"start":{"line":34,"column":12},"end":{"line":63,"column":13}},"16":{"start":{"line":36,"column":16},"end":{"line":36,"column":34}},"17":{"start":{"line":37,"column":16},"end":{"line":37,"column":34}},"18":{"start":{"line":38,"column":16},"end":{"line":40,"column":19}},"19":{"start":{"line":43,"column":16},"end":{"line":43,"column":40}},"20":{"start":{"line":45,"column":16},"end":{"line":48,"column":17}},"21":{"start":{"line":46,"column":18},"end":{"line":46,"column":36}},"22":{"start":{"line":47,"column":18},"end":{"line":47,"column":24}},"23":{"start":{"line":50,"column":16},"end":{"line":50,"column":120}},"24":{"start":{"line":53,"column":16},"end":{"line":53,"column":105}},"25":{"start":{"line":56,"column":16},"end":{"line":56,"column":34}},"26":{"start":{"line":57,"column":16},"end":{"line":57,"column":51}},"27":{"start":{"line":58,"column":16},"end":{"line":58,"column":108}},"28":{"start":{"line":62,"column":16},"end":{"line":62,"column":39}},"29":{"start":{"line"
[...]
umn":66}},"10":{"start":{"line":24,"column":14},"end":{"line":24,"column":67}},"11":{"start":{"line":26,"column":22},"end":{"line":26,"column":58}},"12":{"start":{"line":28,"column":35},"end":{"line":219,"column":3}},"13":{"start":{"line":30,"column":4},"end":{"line":30,"column":60}},"14":{"start":{"line":33,"column":2},"end":{"line":217,"column":6}},"15":{"start":{"line":36,"column":24},"end":{"line":111,"column":9}},"16":{"start":{"line":39,"column":8},"end":{"line":110,"column":37}},"17":{"start":{"line":40,"column":10},"end":{"line":109,"column":11}},"18":{"start":{"line":41,"column":12},"end":{"line":108,"column":13}},"19":{"start":{"line":43,"column":16},"end":{"line":43,"column":34}},"20":{"start":{"line":44,"column":16},"end":{"line":44,"column":161}},"21":{"start":{"line":45,"column":16},"end":{"line":45,"column":34}},"22":{"start":{"line":46,"column":16},"end":{"line":51,"column":19}},"23":{"start":{"line":54,"column":16},"end":{"line":54,"column":37}},"24":{"start":{"line":56,"column":16},"end":{"line":59,"column":17}},"25":{"start":{"line":57,"column":18},"end":{"line":57,"column":37}},"26":{"start":{"line":58,"column":18},"end":{"line":58,"column":24}},"27":{"start":{"line":61,"column":16},"end":{"line":61,"column":36}},"28":{"start":{"line":62,"column":16},"end":{"line":62,"column":34}},"29":{"start":{"line":63,"column":16},"end":{"line":65,"column":19}},"30":{"start":{"line":68,"column":16},"end":{"line":68,"column":51}},"31":{"start":{"line":69,"column":16},"end":{"line":72,"column":18}},"32":{"start":{"line":73,"column":16},"end":{"line":73,"column":35}},"33":{"start":{"line":74,"column":16},"end":{"line":76,"column":19}},"34":{"start":{"line":79,"column":16},"end":{"line":79,"column":48}},"35":{"start":{"line":80,"column":16},"end":{"line":83,"column":18}},"36":{"start":{"line":84,"column":16},"end":{"line":84,"column":93}},"37":{"start":{"line":85,"column":16},"end":{"line":85,"column":55}},"38":{"start":{"line":86,"column":16},"end":{"line":86,"column":35}},"39":{"start":{"line":87,"column":16},"end":{"line":91,"column":19}},"40":{"start":{"line":94,"column":16},"end":{"line":94,"column":44}},"41":{"start":{"line":95,"column":16},"end":{"line":95,"column":138}},"42":{"start":{"line":98,"column":16},"end":{"line":98,"column":120}},"43":{"start":{"line":101,"column":16},"end":{"line":101,"column":35}},"44":{"start":{"line":102,"column":16},"end":{"line":102,"column":51}},"45":{"start":{"line":103,"column":16},"end":{"line":103,"column":108}},"46":{"start":{"line":107,"column":16},"end":{"line":107,"column":39}},"47":{"start":{"line":114,"column":8},"end":{"line":114,"column":50}},"48":{"start":{"line":117,"column":6},"end":{"line":117,"column":24}},"49":{"start":{"line":122,"column":26},"end":{"line":162,"column":9}},"50":{"start":{"line":125,"column":8},"end":{"line":161,"column":38}},"51":{"start":{"line":126,"column":10},"end":{"line":160,"column":11}},"52":{"start":{"line":127,"column":12},"end":{"line":159,"column":13}},"53":{"start":{"line":129,"column":16},"end":{"line":129,"column":35}},"54":{"start":{"line":130,"column":16},"end":{"line":130,"column":99}},"55":{"start":{"line":131,"column":16},"end":{"line":131,"column":35}},"56":{"start":{"line":132,"column":16},"end":{"line":136,"column":19}},"57":{"start":{"line":139,"column":16},"end":{"line":139,"column":42}},"58":{"start":{"line":141,"column":16},"end":{"line":144,"column":17}},"59":{"start":{"line":142,"column":18},"end":{"line":142,"column":37}},"60":{"start":{"line":143,"column":18},"end":{"line":143,"column":24}},"61":{"start":{"line":146,"column":16},"end":{"line":146,"column":119}},"62":{"start":{"line":149,"column":16},"end":{"line":149,"column":108}},"63":{"start":{"line":152,"column":16},"end":{"line":152,"column":36}},"64":{"start":{"line":153,"column":16},"end":{"line":153,"column":53}},"65":{"start":{"line":154,"column":16},"end":{"line":154,"column":110}},"66":{"start":{"line":158,"column":16},"end":{"line":158,"column":40}},"67":{"start":{"line":165,"column":8},"end":{"line":165,"column":52}},"68":{"start":{"line":168,"column":6},"end":{"line":168,"column":26}},"69":{"start":{"line":173,"column":28},"end":{"line":209,"column":9}},"70":{"start":{"line":175,"column":8},"end":{"line":208,"column":37}},"71":{"start":{"line":176,"column":10},"end":{"line":207,"column":11}},"72":{"start":{"line":177,"column":12},"end":{"line":206,"column":13}},"73":{"start":{"line":179,"column":16},"end":{"line":179,"column":35}},"74":{"start":{"line":180,"column":16},"end":{"line":180,"column":35}},"75":{"start":{"line":181,"column":16},"end":{"line":183,"column":19}},"76":{"start":{"line":186,"column":16},"end":{"line":186,"column":41}},"77":{"start":{"line":188,"column":16},"end":{"line":191,"column":17}},"78":{"start":{"line":189,"column":18},"end":{"line":189,"column":37}},"79":{"start":{"line":190,"column":18},"end":{"line":190,"column":24}},"80":{"start":{"line":193,"column":16},"end":{"line":193,"column":128}},"81":{"start":{"line":196,"column":16},"end":{"line":196,"column":111}},"82":{"start":{"line":199,"column":16},"end":{"line":199,"column":35}},"83":{"start":{"line":200,"column":16},"end":{"line":200,"column":53}},"84":{"start":{"line":201,"column":16},"end":{"line":201,"column":110}},"85":{"start":{"line":205,"column":16},"end":{"line":205,"column":40}},"86":{"start":{"line":212,"column":8},"end":{"line":212,"column":54}},"87":{"start":{"line":215,"column":6},"end":{"line":215,"column":28}},"88":{"start":{"line":218,"column":2},"end":{"line":218,"column":25}},"89":{"start":{"line":221,"column":15},"end":{"line":221,"column":30}},"90":{"start":{"line":222,"column":0},"end":{"line":222,"column":30}}},"fnMap":{"0":{"name":"(anonymous_0)","decl":{"start":{"line":28,"column":35},"end":{"line":28,"column":36}},"loc":{"start":{"line":28,"column":47},"end":{"line":219,"column":1}},"line":28},"1":{"name":"TripsController","decl":{"start":{"line":29,"column":11},"end":{"line":29,"column":26}},"loc":{"start":{"line":29,"column":29},"end":{"line":31,"column":3}},"line":29},"2":{"name":"(anonymous_2)","decl":{"start":{"line":35,"column":11},"end":{"line":35,"column":12}},"loc":{"start":{"line":35,"column":23},"end":{"line":118,"column":5}},"line":35},"3":{"name":"_callee","decl":{"start":{"line":36,"column":111},"end":{"line":36,"column":118}},"loc":{"start":{"line":36,"column":129},"end":{"line":111,"column":7}},"line":36},"4":{"name":"_callee$","decl":{"start":{"line":39,"column":53},"end":{"line":39,"column":61}},"loc":{"start":{"line":39,"column":72},"end":{"line":110,"column":9}},"line":39},"5":{"name":"createTrip","decl":{"start":{"line":113,"column":15},"end":{"line":113,"column":25}},"loc":{"start":{"line":113,"column":35},"end":{"line":115,"column":7}},"line":113},"6":{"name":"(anonymous_6)","decl":{"start":{"line":121,"column":11},"end":{"line":121,"column":12}},"loc":{"start":{"line":121,"column":23},"end":{"line":169,"column":5}},"line":121},"7":{"name":"_callee2","decl":{"start":{"line":122,"column":113},"end":{"line":122,"column":121}},"loc":{"start":{"line":122,"column":132},"end":{"line":162,"column":7}},"line":122},"8":{"name":"_callee2$","decl":{"start":{"line":125,"column":53},"end":{"line":125,"column":62}},"loc":{"start":{"line":125,"column":74},"end":{"line":161,"column":9}},"line":125},"9":{"name":"completeTrip","decl":{"start":{"line":164,"column":15},"end":{"line":164,"column":27}},"loc":{"start":{"line":164,"column":38},"end":{"line":166,"column":7}},"line":164},"10":{"name":"(anonymous_10)","decl":{"start":{"line":172,"column":11},"end":{"line":172,"column":12}},"loc":{"start":{"line":172,"column":23},"end":{"line":216,"column":5}},"line":172},"11":{"name":"_callee3","decl":{"start":{"line":173,"column":115},"end":{"line":173,"column":123}},"loc":{"start":{"line":173,"column":134},"end":{"line":209,"column":7}},"line":173},"12":{"name":"_callee3$","decl":{"start":{"line":175,"column":53},"end":{"line":175,"column":62}},"loc":{"start":{"line":175,"column":74},"end":{"line":208,"column":9}},"line":175},"13":{"name":"getActiveTrips","decl":{"start":{"line":211,"column":15},"end":{"line":211,"column":29}},"loc":{"start":{"line":211,"column":40},"end":{"line":213,"column":7}},"line":211}},"branchMap":{"0":{"loc":{"start":{"line":41,"column":12},"end":{"line":108,"column":13}},"type":"switch","locations":[{"start":{"line":42,"column":14},"end":{"line":51,"column":19}},{"start":{"line":53,"column":14},"end":{"line":65,"column":19}},{"start":{"line":67,"column":14},"end":{"line":76,"column":19}},{"start":{"line":78,"column":14},"end":{"line":91,"column":19}},{"start":{"line":93,"column":14},"end":{"line":95,"column":138}},{"start":{"line":97,"column":14},"end":{"line":98,"column":120}},{"start":{"line":100,"column":14},"end":{"line":103,"column":108}},{"start":{"line":105,"column":14},"end":{"line":105,"column":22}},{"start":{"line":106,"column":14},"end":{"line":107,"column":39}}],"line":41},"1":{"loc":{"start":{"line":56,"column":16},"end":{"line":59,"column":17}},"type":"if","locations":[{"start":{"line":56,"column":16},"end":{"line":59,"column":17}},{"start":{"line":56,"column":16},"end":{"line":59,"column":17}}],"line":56},"2":{"loc":{"start":{"line":127,"column":12},"end":{"line":159,"column":13}},"type":"switch","locations":[{"start":{"line":128,"column":14},"end":{"line":136,"column":19}},{"start":{"line":138,"column":14},"end":{"line":146,"column":119}},{"start":{"line":148,"column":14},"end":{"line":149,"column":108}},{"start":{"line":151,"column":14},"end":{"line":154,"column":110}},{"start":{"line":156,"column":14},"end":{"line":156,"column":22}},{"start":{"line":157,"column":14},"end":{"line":158,"column":40}}],"line":127},"3":{"loc":{"start":{"line":141,"column":16},"end":{"line":144,"column":17}},"type":"if","locations":[{"start":{"line":141,"column":16},"end":{"line":144,"column":17}},{"start":{"line":141,"column":16},"end":{"line":144,"column":17}}],"line":141},"4":{"loc":{"start":{"line":177,"column":12},"end":{"line":206,"column":13}},"type":"switch","locations":[{"start":{"line":178,"column":14},"end":{"line":183,"column":19}},{"start":{"line":185,"column":14},"end":{"line":193,"column":128}},{"start":{"line":195,"column":14},"end":{"line":196,"column":111}},{"start":{"line":198,"column":14},"end":{"line":201,"column":110}},{"start":{"line":203,"column":14},"end":{"line":203,"column":22}},{"start":{"line":204,"column":14},"end":{"line":205,"column":40}}],"line":177},"5":{"loc":{"start":{"line":188,"column":16},"end":{"line":191,"column":17}},"type":"if","locations":[{"start":{"line":188,"column":16},"end":{"line":191,"column":17}},{"start":{"line":188,"column":16},"end":{"line":191,"column":17}}],"line":188}},"s":{"0":1,"1":1,"2":1,"3":1,"4":1,"5":1,"6":1,"7":1,"8":1,"9":1,"10":1,"11":1,"12":1,"13":0,"14":1,"15":1,"16":0,"17":0,"18":0,"19":0,"20":0,"21":0,"22":0,"23":0,"24":0,"25":0,"26":0,"27":0,"28":0,"29":0,"30":0,"31":0,"32":0,"33":0,"34":0,"35":0,"36":0,"37":0,"38":0,"39":0,"40":0,"41":0,"42":0,"43":0,"44":0,"45":0,"46":0,"47":0,"48":1,"49":1,"50":0,"51":0,"52":0,"53":0,"54":0,"55":0,"56":0,"57":0,"58":0,"59":0,"60":0,"61":0,"62":0,"63":0,"64":0,"65":0,"66":0,"67":0,"68":1,"69":1,"70":0,"71":0,"72":0,"73":0,"74":0,"75":0,"76":0,"77":0,"78":0,"79":0,"80":0,"81":0,"82":0,"83":0,"84":0,"85":0,"86":0,"87":1,"88":1,"89":1,"90":1},"f":{"0":1,"1":0,"2":1,"3":0,"4":0,"5":0,"6":1,"7":0,"8":0,"9":0,"10":1,"11":0,"12":0,"13":0},"b":{"0":[0,0,0,0,0,0,0,0,0],"1":[0,0],"2":[0,0,0,0,0,0],"3":[0,0],"4":[0,0,0,0,0,0],"5":[0,0]},"inputSourceMap":{"version":3,"sources":["tripsController.js"],"names":["TripsController","req","res","body","riderId","driverId","comingFrom","goingTo","Queries","create","db","trip","from","to","kiloMeterCost","findOrCreate","location","id","driver","comingFromLocation","cordinateFrom","lat","latitude","lon","longitude","findOne","goingToLocation","cordinateTo","myLoToDriverLo","Distance","between","price","invoice","tripId","cost","status","tripInvoice","response","successMessage","error","message","params","action","update","complete","success","findAll","drivers","count"],"mappings":";;;;;;;;;;;;;;;;;AAAA;;AACA;;AACA;;AACA;;AACA;;IAEMA,e;;;;;;;;uHACoBC,G,EAAKC,G;;;;;;;;4BAE0BD,GAAG,CAACE,I,EAA/CC,O,aAAAA,O,EAASC,Q,aAAAA,Q,EAAUC,U,aAAAA,U,EAAYC,O,aAAAA,O;;uBACpBC,oBAAQC,MAAR,CAAeC,mBAAGC,IAAlB,EAAwB;AACzCP,kBAAAA,OAAO,EAAPA,OADyC;AAEzCC,kBAAAA,QAAQ,EAARA,QAFyC;AAGzCO,kBAAAA,IAAI,EAAEN,UAHmC;AAIzCO,kBAAAA,EAAE,EAAEN;AAJqC,iBAAxB,C;;;AAAbI,gBAAAA,I;;qBAMFA,I;;;;;AACIG,gBAAAA,a,GAAgB,G;;uBACWN,oBAAQO,YAAR,CAAqBL,mBAAGM,QAAxB,EAAkC;AACjEC,kBAAAA,EAAE,EAAEC,MAAM,CAACZ;AADsD,iBAAlC,C;;;AAA3Ba,gBAAAA,kB;AAGAC,gBAAAA,a,GAAgB;AACpBC,kBAAAA,GAAG,EAAEF,kBAAkB,CAACG,QADJ;AAEpBC,kBAAAA,GAAG,EAAEJ,kBAAkB,CAACK;AAFJ,iB;;uBAIQhB,oBAAQiB,OAAR,CAAgBf,mBAAGM,QAAnB,EAA6B;AACzDC,kBAAAA,EAAE,EAAEC,MAAM,CAACX;AAD8C,iBAA7B,C;;;AAAxBmB,gBAAAA,e;AAGAC,gBAAAA,W,GAAc;AAClBN,kBAAAA,GAAG,EAAEK,eAAe,CAACJ,QADH;AAElBC,kBAAAA,GAAG,EAAEG,eAAe,CAACF;AAFH,iB;AAIhBI,gBAAAA,c,GAAiBC,wBAASC,OAAT,CAAiBV,aAAjB,EAAgCO,WAAhC,C;AACfI,gBAAAA,K,GAAQjB,aAAa,GAAGc,c;;uBACJpB,oBAAQC,MAAR,CAAeC,mBAAGsB,OAAlB,EAA2B;AACnDC,kBAAAA,MAAM,EAAEtB,IAAI,CAACM,EADsC;AAEnDiB,kBAAAA,IAAI,EAAEH,KAF6C;AAGnDI,kBAAAA,MAAM,EAAExB,IAAI,CAACM;AAHsC,iBAA3B,C;;;AAApBmB,gBAAAA,W;iDAKCC,qBAASC,cAAT,CACLpC,GADK,EAEL,2BAFK,EAGL,GAHK,EAILkC,WAJK,C;;;iDAOFC,qBAASE,KAAT,CAAerC,GAAf,EAAoB,+BAApB,EAAqD,GAArD,C;;;;;iDAEAmC,qBAASE,KAAT,CAAerC,GAAf,EAAoB,YAAEsC,OAAtB,EAA+B,GAA/B,C;;;;;;;;;;;;;;;;;;;0HAGevC,G,EAAKC,G;;;;;;;;8BAEAD,GAAG,CAACwC,M,EAAvBR,M,eAAAA,M,EAAQS,M,eAAAA,M;;uBACOlC,oBAAQmC,MAAR,CACrBjC,mBAAGC,IADkB,EAErB;AAAEwB,kBAAAA,MAAM,EAAEO;AAAV,iBAFqB,EAGrB;AAAEzB,kBAAAA,EAAE,EAAEgB;AAAN,iBAHqB,C;;;AAAjBW,gBAAAA,Q;;qBAKFA,Q;;;;;kDACKP,qBAASQ,OAAT,CAAiB3C,GAAjB,EAAsB,iBAAtB,EAAyC,GAAzC,EAA8C0C,QAA9C,C;;;kDAEFP,qBAASE,KAAT,CAAerC,GAAf,EAAoB,kBAApB,EAAwC,GAAxC,C;;;;;kDAEAmC,qBAASE,KAAT,CAAerC,GAAf,EAAoB,aAAEsC,OAAtB,EAA+B,GAA/B,C;;;;;;;;;;;;;;;;;;;4HAGiBvC,G,EAAKC,G;;;;;;;;uBAEPM,oBAAQsC,OAAR,CAAgBpC,mBAAGC,IAAnB,EAAyB;AAAEwB,kBAAAA,MAAM,EAAE;AAAV,iBAAzB,C;;;AAAhBY,gBAAAA,O;;sBACFA,OAAO,CAACC,KAAR,GAAgB,C;;;;;kDACXX,qBAASQ,OAAT,CAAiB3C,GAAjB,EAAsB,2BAAtB,EAAmD,GAAnD,EAAwD6C,OAAxD,C;;;kDAEFV,qBAASE,KAAT,CAAerC,GAAf,EAAoB,qBAApB,EAA2C,GAA3C,C;;;;;kDAEAmC,qBAASE,KAAT,CAAerC,GAAf,EAAoB,aAAEsC,OAAtB,EAA+B,GAA/B,C;;;;;;;;;;;;;;;;;;;;eAKExC,e","sourceRoot":"/home/jaja/Desktop/jaja code/taxis-24/src/controllers/","sourcesContent":["import response from \"../helpers/response\";\nimport Queries from \"../services/Queries\";\nimport Distance from \"geo-distance\";\nimport db from \"../database/models\";\nimport { geoDecode, reverse } from \"../helpers/addressDecoder\";\n\nclass TripsController {\n  static async createTrip(req, res) {\n    try {\n      const { riderId, driverId, comingFrom, goingTo } = req.body;\n      const trip = await Queries.create(db.trip, {\n        riderId,\n        driverId,\n        from: comingFrom,\n        to: goingTo,\n      });\n      if (trip) {\n        const kiloMeterCost = 500;\n        const comingFromLocation = await Queries.findOrCreate(db.location, {\n          id: driver.comingFrom,\n        });\n        const cordinateFrom = {\n          lat: comingFromLocation.latitude,\n          lon: comingFromLocation.longitude,\n        };\n        const goingToLocation = await Queries.findOne(db.location, {\n          id: driver.goingTo,\n        });\n        const cordinateTo = {\n          lat: goingToLocation.latitude,\n          lon: goingToLocation.longitude,\n        };\n        var myLoToDriverLo = Distance.between(cordinateFrom, cordinateTo);\n        const price = kiloMeterCost * myLoToDriverLo;\n        const tripInvoice = await Queries.create(db.invoice, {\n          tripId: trip.id,\n          cost: price,\n          status: trip.id,\n        });\n        return response.successMessage(\n          res,\n          \"Trip Successfully Created\",\n          200,\n          tripInvoice\n        );\n      }\n      return response.error(res, \"Error while Creating the Trip\", 404);\n    } catch (e) {\n      return response.error(res, e.message, 500);\n    }\n  }\n  static async completeTrip(req, res) {\n    try {\n      const { tripId, action } = req.params;\n      const complete = await Queries.update(\n        db.trip,\n        { status: action },\n        { id: tripId }\n      );\n      if (complete) {\n        return response.success(res, \"Contact Message\", 200, complete);\n      }\n      return response.error(res, \"No message found\", 404);\n    } catch (e) {\n      return response.error(res, e.message, 500);\n    }\n  }\n  static async getActiveTrips(req, res) {\n    try {\n      const drivers = await Queries.findAll(db.trip, { status: \"active\" });\n      if (drivers.count > 0) {\n        return response.success(res, \"List of available Drivers\", 200, drivers);\n      }\n      return response.error(res, \"No Available Driver\", 404);\n    } catch (e) {\n      return response.error(res, e.message, 500);\n    }\n  }\n}\n\nexport default TripsController;\n"]},"_coverageSchema":"1a1c01bbd47fc00a2c39e90264f33305004495a9","hash":"e45beeadd9308a4a33af9bac666725e711dd906e","contentHash":"e9a517ce38ed78560e439445ab2ec6d789af82c5983b9ed2c0e6b135024271b4"},"/home/jaja/Desktop/jaja code/taxis-24/src/tests/index.js":{"path":"/home/jaja/Desktop/jaja code/taxis-24/src/tests/index.js","statementMap":{"0":{"start":{"line":3,"column":29},"end":{"line":3,"column":84}},"1":{"start":{"line":5,"column":12},"end":{"line":5,"column":51}},"2":{"start":{"line":7,"column":16},"end":{"line":7,"column":60}},"3":{"start":{"line":9,"column":13},"end":{"line":9,"column":56}},"4":{"start":{"line":11,"column":0},"end":{"line":11,"column":43}},"5":{"start":{"line":13,"column":0},"end":{"line":13,"column":26}},"6":{"start":{"line":15,"column":0},"end":{"line":22,"column":3}},"7":{"start":{"line":16,"column":2},"end":{"line":21,"column":5}},"8":{"start":{"line":17,"column":4},"end":{"line":20,"column":7}},"9":{"start":{"line":18,"column":6},"end":{"line":18,"column":34}},"10":{"start":{"line":19,"column":6},"end":{"line":19,"column":13}}},"fnMap":{"0":{"name":"(anonymous_0)","decl":{"start":{"line":15,"column":22},"end":{"line":15,"column":23}},"loc":{"start":{"line":15,"column":34},"end":{"line":22,"column":1}},"line":15},"1":{"name":"(anonymous_1)","decl":{"start":{"line":16,"column":35},"end":{"line":16,"column":36}},"loc":{"start":{"line":16,"column":51},"end":{"line":21,"column":3}},"line":16},"2":{"name":"(anonymous_2)","decl":{"start":{"line":17,"column":61},"end":{"line":17,"column":62}},"loc":{"start":{"line":17,"column":81},"end":{"line":20,"column":5}},"line":17}},"branchMap":{},"s":{"0":1,"1":1,"2":1,"3":1,"4":1,"5":1,"6":1,"7":1,"8":1,"9":1,"10":1},"f":{"0":1,"1":1,"2":1},"b":{},"inputSourceMap":{"version":3,"sources":["index.js"],"names":["chai","use","chaiHttp","should","describe","it","done","request","app","get","end","err","res","have","status"],"mappings":";;;;AAAA;;AACA;;AACA;;AAEAA,iBAAKC,GAAL,CAASC,oBAAT;;AACAF,iBAAKG,MAAL;;AAEAC,QAAQ,CAAC,WAAD,EAAc,YAAM;AAC1BC,EAAAA,EAAE,CAAC,4BAAD,EAA+B,UAACC,IAAD,EAAU;AACzCN,qBAAKO,OAAL,CAAaC,iBAAb,EAAkBC,GAAlB,CAAsB,GAAtB,EACGC,GADH,CACO,UAACC,GAAD,EAAMC,GAAN,EAAc;AACjBA,MAAAA,GAAG,CAACT,MAAJ,CAAWU,IAAX,CAAgBC,MAAhB,CAAuB,GAAvB;AACAR,MAAAA,IAAI;AACL,KAJH;AAKD,GANC,CAAF;AAOD,CARO,CAAR","sourceRoot":"/home/jaja/Desktop/jaja code/taxis-24/src/tests/","sourcesContent":["import chai from 'chai';\nimport chaiHttp from 'chai-http';\nimport app from '../index';\n\nchai.use(chaiHttp);\nchai.should();\n\ndescribe('App Tests', () => {\n  it('should return the homepage', (done) => {\n    chai.request(app).get('/')\n      .end((err, res) => {\n        res.should.have.status(404);\n        done();\n      });\n  });\n});\n"]},"_coverageSchema":"1a1c01bbd47fc00a2c39e90264f33305004495a9","hash":"e5ed20e63970ebee7f48e2a0a357d88fe45f8de0","contentHash":"68e4078a138f995dbdda76bdc6af3d188141e6055d126ca4bd095a4374a1e555"}}